TpTrace Verbose: 0 : 7788, 1, 2022/04/12, 19:48:53.012, 1009035618609, vstest.console.dll, Version: 17.0.0
TpTrace Information: 0 : 7788, 1, 2022/04/12, 19:48:53.025, 1009035717908, vstest.console.dll, FilePatternParser: The given file C:\git-dani\udemy-xunit\xunit\Calculations\CalculatorAPP.Test\bin\Debug\net5.0\fine-code-coverage\build-output\CalculatorAPP.Test.dll is a full path.
TpTrace Verbose: 0 : 7788, 1, 2022/04/12, 19:48:53.033, 1009035796649, vstest.console.dll, TestPluginCache.DiscoverTestExtensions: finding test extensions in assemblies ends with: RuntimeProvider.dll TPluginInfo: Microsoft.VisualStudio.TestPlatform.Common.ExtensionFramework.Utilities.TestRuntimePluginInformation TExtension: Microsoft.VisualStudio.TestPlatform.ObjectModel.Host.ITestRuntimeProvider
TpTrace Verbose: 0 : 7788, 1, 2022/04/12, 19:48:53.035, 1009035818268, vstest.console.dll, TestPluginCache.GetExtensionPaths: Filtered extension paths: 
TpTrace Verbose: 0 : 7788, 1, 2022/04/12, 19:48:53.036, 1009035820178, vstest.console.dll, TestPluginCache.GetExtensionPaths: Added default extension paths: C:\Program Files\dotnet\sdk\6.0.102\Extensions\Microsoft.Diagnostics.NETCore.Client.dll
C:\Program Files\dotnet\sdk\6.0.102\Extensions\Microsoft.TestPlatform.Extensions.BlameDataCollector.dll
C:\Program Files\dotnet\sdk\6.0.102\Extensions\Microsoft.TestPlatform.Extensions.EventLogCollector.dll
C:\Program Files\dotnet\sdk\6.0.102\Extensions\Microsoft.TestPlatform.TestHostRuntimeProvider.dll
C:\Program Files\dotnet\sdk\6.0.102\Extensions\Microsoft.VisualStudio.TestPlatform.Extensions.Html.TestLogger.dll
C:\Program Files\dotnet\sdk\6.0.102\Extensions\Microsoft.VisualStudio.TestPlatform.Extensions.Trx.TestLogger.dll
TpTrace Verbose: 0 : 7788, 1, 2022/04/12, 19:48:53.036, 1009035820468, vstest.console.dll, TestPluginCache.GetExtensionPaths: Added unfilterableExtensionPaths: 
TpTrace Information: 0 : 7788, 1, 2022/04/12, 19:48:53.037, 1009035830381, vstest.console.dll, AssemblyResolver.ctor: Creating AssemblyResolver with searchDirectories C:\Program Files\dotnet\sdk\6.0.102\Extensions,C:\Program Files\dotnet\sdk\6.0.102
TpTrace Verbose: 0 : 7788, 1, 2022/04/12, 19:48:53.038, 1009035839657, vstest.console.dll, TestPluginCache.DiscoverTestExtensions: Discovering the extensions using extension path.
TpTrace Verbose: 0 : 7788, 1, 2022/04/12, 19:48:53.038, 1009035840998, vstest.console.dll, TestPluginCache.GetExtensionPaths: Filtered extension paths: 
TpTrace Verbose: 0 : 7788, 1, 2022/04/12, 19:48:53.038, 1009035841273, vstest.console.dll, TestPluginCache.GetExtensionPaths: Added default extension paths: C:\Program Files\dotnet\sdk\6.0.102\Extensions\Microsoft.Diagnostics.NETCore.Client.dll
C:\Program Files\dotnet\sdk\6.0.102\Extensions\Microsoft.TestPlatform.Extensions.BlameDataCollector.dll
C:\Program Files\dotnet\sdk\6.0.102\Extensions\Microsoft.TestPlatform.Extensions.EventLogCollector.dll
C:\Program Files\dotnet\sdk\6.0.102\Extensions\Microsoft.TestPlatform.TestHostRuntimeProvider.dll
C:\Program Files\dotnet\sdk\6.0.102\Extensions\Microsoft.VisualStudio.TestPlatform.Extensions.Html.TestLogger.dll
C:\Program Files\dotnet\sdk\6.0.102\Extensions\Microsoft.VisualStudio.TestPlatform.Extensions.Trx.TestLogger.dll
TpTrace Verbose: 0 : 7788, 1, 2022/04/12, 19:48:53.038, 1009035841497, vstest.console.dll, TestPluginCache.GetExtensionPaths: Added unfilterableExtensionPaths: 
TpTrace Verbose: 0 : 7788, 1, 2022/04/12, 19:48:53.038, 1009035841919, vstest.console.dll, TestPluginCache.DiscoverTestExtensions: Discovering the extensions using allExtensionPaths: C:\Program Files\dotnet\sdk\6.0.102\Extensions\Microsoft.Diagnostics.NETCore.Client.dll
C:\Program Files\dotnet\sdk\6.0.102\Extensions\Microsoft.TestPlatform.Extensions.BlameDataCollector.dll
C:\Program Files\dotnet\sdk\6.0.102\Extensions\Microsoft.TestPlatform.Extensions.EventLogCollector.dll
C:\Program Files\dotnet\sdk\6.0.102\Extensions\Microsoft.TestPlatform.TestHostRuntimeProvider.dll
C:\Program Files\dotnet\sdk\6.0.102\Extensions\Microsoft.VisualStudio.TestPlatform.Extensions.Html.TestLogger.dll
C:\Program Files\dotnet\sdk\6.0.102\Extensions\Microsoft.VisualStudio.TestPlatform.Extensions.Trx.TestLogger.dll
TpTrace Information: 0 : 7788, 1, 2022/04/12, 19:48:53.038, 1009035843363, vstest.console.dll, AssemblyResolver.AddSearchDirectories: Adding more searchDirectories C:\Program Files\dotnet\sdk\6.0.102\Extensions,C:\Program Files\dotnet\sdk\6.0.102
TpTrace Information: 0 : 7788, 1, 2022/04/12, 19:48:53.038, 1009035843772, vstest.console.dll, AssemblyResolver.AddSearchDirectories: Adding more searchDirectories C:\Program Files\dotnet\sdk\6.0.102\Extensions,C:\Program Files\dotnet\sdk\6.0.102
TpTrace Information: 0 : 7788, 1, 2022/04/12, 19:48:53.038, 1009035843964, vstest.console.dll, AssemblyResolver.AddSearchDirectories: Adding more searchDirectories C:\Program Files\dotnet\sdk\6.0.102\Extensions,C:\Program Files\dotnet\sdk\6.0.102
TpTrace Information: 0 : 7788, 1, 2022/04/12, 19:48:53.038, 1009035844165, vstest.console.dll, AssemblyResolver.AddSearchDirectories: Adding more searchDirectories C:\Program Files\dotnet\sdk\6.0.102\Extensions,C:\Program Files\dotnet\sdk\6.0.102
TpTrace Information: 0 : 7788, 1, 2022/04/12, 19:48:53.038, 1009035844342, vstest.console.dll, AssemblyResolver.AddSearchDirectories: Adding more searchDirectories C:\Program Files\dotnet\sdk\6.0.102\Extensions,C:\Program Files\dotnet\sdk\6.0.102
TpTrace Information: 0 : 7788, 1, 2022/04/12, 19:48:53.038, 1009035844525, vstest.console.dll, AssemblyResolver.AddSearchDirectories: Adding more searchDirectories C:\Program Files\dotnet\sdk\6.0.102\Extensions,C:\Program Files\dotnet\sdk\6.0.102
TpTrace Information: 0 : 7788, 1, 2022/04/12, 19:48:53.038, 1009035847176, vstest.console.dll, AssemblyResolver.OnResolve: Microsoft.Diagnostics.NETCore.Client: Resolving assembly.
TpTrace Information: 0 : 7788, 1, 2022/04/12, 19:48:53.038, 1009035847695, vstest.console.dll, AssemblyResolver.OnResolve: Microsoft.Diagnostics.NETCore.Client: Searching in: 'C:\Program Files\dotnet\sdk\6.0.102\Extensions'.
TpTrace Information: 0 : 7788, 1, 2022/04/12, 19:48:53.039, 1009035850650, vstest.console.dll, AssemblyResolver.OnResolve: Microsoft.Diagnostics.NETCore.Client: Loading assembly 'C:\Program Files\dotnet\sdk\6.0.102\Extensions\Microsoft.Diagnostics.NETCore.Client.dll'.
TpTrace Information: 0 : 7788, 1, 2022/04/12, 19:48:53.039, 1009035855304, vstest.console.dll, AssemblyResolver.OnResolve: Resolved assembly: Microsoft.Diagnostics.NETCore.Client, from path: C:\Program Files\dotnet\sdk\6.0.102\Extensions\Microsoft.Diagnostics.NETCore.Client.dll
TpTrace Information: 0 : 7788, 1, 2022/04/12, 19:48:53.043, 1009035895535, vstest.console.dll, AssemblyResolver.OnResolve: Microsoft.Bcl.AsyncInterfaces: Resolving assembly.
TpTrace Information: 0 : 7788, 1, 2022/04/12, 19:48:53.043, 1009035896238, vstest.console.dll, AssemblyResolver.OnResolve: Microsoft.Bcl.AsyncInterfaces: Searching in: 'C:\Program Files\dotnet\sdk\6.0.102\Extensions'.
TpTrace Information: 0 : 7788, 1, 2022/04/12, 19:48:53.043, 1009035896906, vstest.console.dll, AssemblyResolver.OnResolve: Microsoft.Bcl.AsyncInterfaces: Assembly path does not exist: 'C:\Program Files\dotnet\sdk\6.0.102\Extensions\Microsoft.Bcl.AsyncInterfaces.dll', returning.
TpTrace Information: 0 : 7788, 1, 2022/04/12, 19:48:53.043, 1009035897302, vstest.console.dll, AssemblyResolver.OnResolve: Microsoft.Bcl.AsyncInterfaces: Assembly path does not exist: 'C:\Program Files\dotnet\sdk\6.0.102\Extensions\Microsoft.Bcl.AsyncInterfaces.exe', returning.
TpTrace Information: 0 : 7788, 1, 2022/04/12, 19:48:53.043, 1009035897477, vstest.console.dll, AssemblyResolver.OnResolve: Microsoft.Bcl.AsyncInterfaces: Searching in: 'C:\Program Files\dotnet\sdk\6.0.102'.
TpTrace Information: 0 : 7788, 1, 2022/04/12, 19:48:53.043, 1009035897931, vstest.console.dll, AssemblyResolver.OnResolve: Microsoft.Bcl.AsyncInterfaces: Assembly path does not exist: 'C:\Program Files\dotnet\sdk\6.0.102\Microsoft.Bcl.AsyncInterfaces.dll', returning.
TpTrace Information: 0 : 7788, 1, 2022/04/12, 19:48:53.043, 1009035898294, vstest.console.dll, AssemblyResolver.OnResolve: Microsoft.Bcl.AsyncInterfaces: Assembly path does not exist: 'C:\Program Files\dotnet\sdk\6.0.102\Microsoft.Bcl.AsyncInterfaces.exe', returning.
TpTrace Information: 0 : 7788, 1, 2022/04/12, 19:48:53.043, 1009035898873, vstest.console.dll, AssemblyResolver.OnResolve: Microsoft.Bcl.AsyncInterfaces: Failed to load assembly.
TpTrace Verbose: 0 : 7788, 1, 2022/04/12, 19:48:53.043, 1009035899181, vstest.console.dll, CurrentDomainAssemblyResolve: Resolving assembly 'Microsoft.Bcl.AsyncInterfaces'.
TpTrace Information: 0 : 7788, 1, 2022/04/12, 19:48:53.044, 1009035899580, vstest.console.dll, AssemblyResolver.OnResolve: Microsoft.Bcl.AsyncInterfaces: Resolving assembly.
TpTrace Information: 0 : 7788, 1, 2022/04/12, 19:48:53.044, 1009035899848, vstest.console.dll, AssemblyResolver.OnResolve: Microsoft.Bcl.AsyncInterfaces: Resolved from cache.
TpTrace Verbose: 0 : 7788, 1, 2022/04/12, 19:48:53.044, 1009035900030, vstest.console.dll, CurrentDomainAssemblyResolve: Resolving assembly 'Microsoft.Bcl.AsyncInterfaces'.
TpTrace Verbose: 0 : 7788, 1, 2022/04/12, 19:48:53.044, 1009035900265, vstest.console.dll, CurrentDomainAssemblyResolve: Failed to resolve assembly 'Microsoft.Bcl.AsyncInterfaces'.
TpTrace Verbose: 0 : 7788, 1, 2022/04/12, 19:48:53.044, 1009035903133, vstest.console.dll, CurrentDomainAssemblyResolve: Failed to resolve assembly 'Microsoft.Bcl.AsyncInterfaces'.
TpTrace Warning: 0 : 7788, 1, 2022/04/12, 19:48:53.060, 1009036059858, vstest.console.dll, TestPluginDiscoverer: Failed to get types from assembly 'Microsoft.Diagnostics.NETCore.Client, Version=0.2.4.21401, Culture=neutral, PublicKeyToken=31bf3856ad364e35'.  Skipping test extension scan for this assembly.  Error: System.Reflection.ReflectionTypeLoadException: Unable to load one or more of the requested types.
Could not load file or assembly 'Microsoft.Bcl.AsyncInterfaces, Version=1.0.0.0, Culture=neutral, PublicKeyToken=cc7b13ffcd2ddd51'. O sistema não pode encontrar o arquivo especificado.
   at System.Reflection.RuntimeModule.GetTypes(RuntimeModule module)
   at System.Reflection.Assembly.GetTypes()
   at Microsoft.VisualStudio.TestPlatform.Common.ExtensionFramework.TestPluginDiscoverer.GetTestExtensionsFromAssembly[TPluginInfo,TExtension](Assembly assembly, Dictionary`2 pluginInfos)
System.IO.FileNotFoundException: Could not load file or assembly 'Microsoft.Bcl.AsyncInterfaces, Version=1.0.0.0, Culture=neutral, PublicKeyToken=cc7b13ffcd2ddd51'. O sistema não pode encontrar o arquivo especificado.
File name: 'Microsoft.Bcl.AsyncInterfaces, Version=1.0.0.0, Culture=neutral, PublicKeyToken=cc7b13ffcd2ddd51'
 ---> System.IO.FileNotFoundException: Could not load file or assembly 'Microsoft.Bcl.AsyncInterfaces, Culture=neutral, PublicKeyToken=null'. O sistema não pode encontrar o arquivo especificado.
File name: 'Microsoft.Bcl.AsyncInterfaces, Culture=neutral, PublicKeyToken=null'
   at System.Reflection.RuntimeAssembly.InternalLoad(ObjectHandleOnStack assemblyName, ObjectHandleOnStack requestingAssembly, StackCrawlMarkHandle stackMark, Boolean throwOnFileNotFound, ObjectHandleOnStack assemblyLoadContext, ObjectHandleOnStack retAssembly)
   at System.Reflection.RuntimeAssembly.InternalLoad(AssemblyName assemblyName, RuntimeAssembly requestingAssembly, StackCrawlMark& stackMark, Boolean throwOnFileNotFound, AssemblyLoadContext assemblyLoadContext)
   at System.Reflection.Assembly.Load(AssemblyName assemblyRef)
   at Microsoft.VisualStudio.TestPlatform.Common.ExtensionFramework.TestPluginCache.CurrentDomainAssemblyResolve(Object sender, AssemblyResolveEventArgs args)
   at Microsoft.VisualStudio.TestPlatform.PlatformAbstractions.PlatformAssemblyResolver.AssemblyResolverEvent(Object sender, Object eventArgs)
   at System.Runtime.Loader.AssemblyLoadContext.GetFirstResolvedAssemblyFromResolvingEvent(AssemblyName assemblyName)
   at System.Runtime.Loader.AssemblyLoadContext.ResolveUsingEvent(AssemblyName assemblyName)
   at System.Runtime.Loader.AssemblyLoadContext.ResolveUsingResolvingEvent(IntPtr gchManagedAssemblyLoadContext, AssemblyName assemblyName)
TpTrace Warning: 0 : 7788, 1, 2022/04/12, 19:48:53.060, 1009036061544, vstest.console.dll, LoaderExceptions: System.IO.FileNotFoundException: Could not load file or assembly 'Microsoft.Bcl.AsyncInterfaces, Version=1.0.0.0, Culture=neutral, PublicKeyToken=cc7b13ffcd2ddd51'. O sistema não pode encontrar o arquivo especificado.
File name: 'Microsoft.Bcl.AsyncInterfaces, Version=1.0.0.0, Culture=neutral, PublicKeyToken=cc7b13ffcd2ddd51'
 ---> System.IO.FileNotFoundException: Could not load file or assembly 'Microsoft.Bcl.AsyncInterfaces, Culture=neutral, PublicKeyToken=null'. O sistema não pode encontrar o arquivo especificado.
File name: 'Microsoft.Bcl.AsyncInterfaces, Culture=neutral, PublicKeyToken=null'
   at System.Reflection.RuntimeAssembly.InternalLoad(ObjectHandleOnStack assemblyName, ObjectHandleOnStack requestingAssembly, StackCrawlMarkHandle stackMark, Boolean throwOnFileNotFound, ObjectHandleOnStack assemblyLoadContext, ObjectHandleOnStack retAssembly)
   at System.Reflection.RuntimeAssembly.InternalLoad(AssemblyName assemblyName, RuntimeAssembly requestingAssembly, StackCrawlMark& stackMark, Boolean throwOnFileNotFound, AssemblyLoadContext assemblyLoadContext)
   at System.Reflection.Assembly.Load(AssemblyName assemblyRef)
   at Microsoft.VisualStudio.TestPlatform.Common.ExtensionFramework.TestPluginCache.CurrentDomainAssemblyResolve(Object sender, AssemblyResolveEventArgs args)
   at Microsoft.VisualStudio.TestPlatform.PlatformAbstractions.PlatformAssemblyResolver.AssemblyResolverEvent(Object sender, Object eventArgs)
   at System.Runtime.Loader.AssemblyLoadContext.GetFirstResolvedAssemblyFromResolvingEvent(AssemblyName assemblyName)
   at System.Runtime.Loader.AssemblyLoadContext.ResolveUsingEvent(AssemblyName assemblyName)
   at System.Runtime.Loader.AssemblyLoadContext.ResolveUsingResolvingEvent(IntPtr gchManagedAssemblyLoadContext, AssemblyName assemblyName)
TpTrace Information: 0 : 7788, 1, 2022/04/12, 19:48:53.060, 1009036062353, vstest.console.dll, AssemblyResolver.OnResolve: Microsoft.TestPlatform.Extensions.BlameDataCollector: Resolving assembly.
TpTrace Information: 0 : 7788, 1, 2022/04/12, 19:48:53.060, 1009036062607, vstest.console.dll, AssemblyResolver.OnResolve: Microsoft.TestPlatform.Extensions.BlameDataCollector: Searching in: 'C:\Program Files\dotnet\sdk\6.0.102\Extensions'.
TpTrace Information: 0 : 7788, 1, 2022/04/12, 19:48:53.060, 1009036064392, vstest.console.dll, AssemblyResolver.OnResolve: Microsoft.TestPlatform.Extensions.BlameDataCollector: Loading assembly 'C:\Program Files\dotnet\sdk\6.0.102\Extensions\Microsoft.TestPlatform.Extensions.BlameDataCollector.dll'.
TpTrace Information: 0 : 7788, 1, 2022/04/12, 19:48:53.060, 1009036068012, vstest.console.dll, AssemblyResolver.OnResolve: Resolved assembly: Microsoft.TestPlatform.Extensions.BlameDataCollector, from path: C:\Program Files\dotnet\sdk\6.0.102\Extensions\Microsoft.TestPlatform.Extensions.BlameDataCollector.dll
TpTrace Information: 0 : 7788, 1, 2022/04/12, 19:48:53.061, 1009036072553, vstest.console.dll, AssemblyResolver.OnResolve: Microsoft.TestPlatform.Extensions.EventLogCollector: Resolving assembly.
TpTrace Information: 0 : 7788, 1, 2022/04/12, 19:48:53.061, 1009036072978, vstest.console.dll, AssemblyResolver.OnResolve: Microsoft.TestPlatform.Extensions.EventLogCollector: Searching in: 'C:\Program Files\dotnet\sdk\6.0.102\Extensions'.
TpTrace Information: 0 : 7788, 1, 2022/04/12, 19:48:53.061, 1009036074529, vstest.console.dll, AssemblyResolver.OnResolve: Microsoft.TestPlatform.Extensions.EventLogCollector: Loading assembly 'C:\Program Files\dotnet\sdk\6.0.102\Extensions\Microsoft.TestPlatform.Extensions.EventLogCollector.dll'.
TpTrace Information: 0 : 7788, 1, 2022/04/12, 19:48:53.061, 1009036077647, vstest.console.dll, AssemblyResolver.OnResolve: Resolved assembly: Microsoft.TestPlatform.Extensions.EventLogCollector, from path: C:\Program Files\dotnet\sdk\6.0.102\Extensions\Microsoft.TestPlatform.Extensions.EventLogCollector.dll
TpTrace Information: 0 : 7788, 1, 2022/04/12, 19:48:53.065, 1009036118662, vstest.console.dll, AssemblyResolver.OnResolve: Microsoft.TestPlatform.TestHostRuntimeProvider: Resolving assembly.
TpTrace Information: 0 : 7788, 1, 2022/04/12, 19:48:53.066, 1009036123905, vstest.console.dll, AssemblyResolver.OnResolve: Microsoft.TestPlatform.TestHostRuntimeProvider: Searching in: 'C:\Program Files\dotnet\sdk\6.0.102\Extensions'.
TpTrace Information: 0 : 7788, 1, 2022/04/12, 19:48:53.067, 1009036130765, vstest.console.dll, AssemblyResolver.OnResolve: Microsoft.TestPlatform.TestHostRuntimeProvider: Loading assembly 'C:\Program Files\dotnet\sdk\6.0.102\Extensions\Microsoft.TestPlatform.TestHostRuntimeProvider.dll'.
TpTrace Information: 0 : 7788, 1, 2022/04/12, 19:48:53.068, 1009036139784, vstest.console.dll, AssemblyResolver.OnResolve: Resolved assembly: Microsoft.TestPlatform.TestHostRuntimeProvider, from path: C:\Program Files\dotnet\sdk\6.0.102\Extensions\Microsoft.TestPlatform.TestHostRuntimeProvider.dll
TpTrace Information: 0 : 7788, 1, 2022/04/12, 19:48:53.069, 1009036156902, vstest.console.dll, AssemblyResolver.OnResolve: Microsoft.VisualStudio.TestPlatform.Extensions.Html.TestLogger: Resolving assembly.
TpTrace Information: 0 : 7788, 1, 2022/04/12, 19:48:53.069, 1009036157694, vstest.console.dll, AssemblyResolver.OnResolve: Microsoft.VisualStudio.TestPlatform.Extensions.Html.TestLogger: Searching in: 'C:\Program Files\dotnet\sdk\6.0.102\Extensions'.
TpTrace Information: 0 : 7788, 1, 2022/04/12, 19:48:53.070, 1009036159905, vstest.console.dll, AssemblyResolver.OnResolve: Microsoft.VisualStudio.TestPlatform.Extensions.Html.TestLogger: Loading assembly 'C:\Program Files\dotnet\sdk\6.0.102\Extensions\Microsoft.VisualStudio.TestPlatform.Extensions.Html.TestLogger.dll'.
TpTrace Information: 0 : 7788, 1, 2022/04/12, 19:48:53.070, 1009036163829, vstest.console.dll, AssemblyResolver.OnResolve: Resolved assembly: Microsoft.VisualStudio.TestPlatform.Extensions.Html.TestLogger, from path: C:\Program Files\dotnet\sdk\6.0.102\Extensions\Microsoft.VisualStudio.TestPlatform.Extensions.Html.TestLogger.dll
TpTrace Information: 0 : 7788, 1, 2022/04/12, 19:48:53.070, 1009036166209, vstest.console.dll, AssemblyResolver.OnResolve: Microsoft.VisualStudio.TestPlatform.Extensions.Trx.TestLogger: Resolving assembly.
TpTrace Information: 0 : 7788, 1, 2022/04/12, 19:48:53.070, 1009036166621, vstest.console.dll, AssemblyResolver.OnResolve: Microsoft.VisualStudio.TestPlatform.Extensions.Trx.TestLogger: Searching in: 'C:\Program Files\dotnet\sdk\6.0.102\Extensions'.
TpTrace Information: 0 : 7788, 1, 2022/04/12, 19:48:53.070, 1009036168214, vstest.console.dll, AssemblyResolver.OnResolve: Microsoft.VisualStudio.TestPlatform.Extensions.Trx.TestLogger: Loading assembly 'C:\Program Files\dotnet\sdk\6.0.102\Extensions\Microsoft.VisualStudio.TestPlatform.Extensions.Trx.TestLogger.dll'.
TpTrace Information: 0 : 7788, 1, 2022/04/12, 19:48:53.071, 1009036171659, vstest.console.dll, AssemblyResolver.OnResolve: Resolved assembly: Microsoft.VisualStudio.TestPlatform.Extensions.Trx.TestLogger, from path: C:\Program Files\dotnet\sdk\6.0.102\Extensions\Microsoft.VisualStudio.TestPlatform.Extensions.Trx.TestLogger.dll
TpTrace Verbose: 0 : 7788, 1, 2022/04/12, 19:48:53.071, 1009036175463, vstest.console.dll, TestPluginCache: Discovered the extensions using extension path ''.
TpTrace Verbose: 0 : 7788, 1, 2022/04/12, 19:48:53.071, 1009036175864, vstest.console.dll, TestPluginCache: Discoverers are ''.
TpTrace Verbose: 0 : 7788, 1, 2022/04/12, 19:48:53.071, 1009036176066, vstest.console.dll, TestPluginCache: Executors are ''.
TpTrace Verbose: 0 : 7788, 1, 2022/04/12, 19:48:53.071, 1009036176221, vstest.console.dll, TestPluginCache: Executors2 are ''.
TpTrace Verbose: 0 : 7788, 1, 2022/04/12, 19:48:53.071, 1009036176371, vstest.console.dll, TestPluginCache: Setting providers are ''.
TpTrace Verbose: 0 : 7788, 1, 2022/04/12, 19:48:53.071, 1009036176523, vstest.console.dll, TestPluginCache: Loggers are ''.
TpTrace Information: 0 : 7788, 1, 2022/04/12, 19:48:53.074, 1009036207944, vstest.console.dll, RunTestsArgumentProcessor:Execute: Test run is starting.
TpTrace Verbose: 0 : 7788, 1, 2022/04/12, 19:48:53.074, 1009036209089, vstest.console.dll, RunTestsArgumentProcessor:Execute: Queuing Test run.
TpTrace Information: 0 : 7788, 1, 2022/04/12, 19:48:53.075, 1009036210506, vstest.console.dll, TestRequestManager.RunTests: run tests started.
TpTrace Information: 0 : 7788, 1, 2022/04/12, 19:48:53.077, 1009036235485, vstest.console.dll, AssemblyMetadataProvider.GetFrameWork: Determined framework:'.NETCoreApp,Version=v5.0' for source: 'C:\git-dani\udemy-xunit\xunit\Calculations\CalculatorAPP.Test\bin\Debug\net5.0\fine-code-coverage\build-output\CalculatorAPP.Test.dll'
TpTrace Information: 0 : 7788, 1, 2022/04/12, 19:48:53.077, 1009036236732, vstest.console.dll, Determined framework for all sources: .NETCoreApp,Version=v5.0
TpTrace Information: 0 : 7788, 1, 2022/04/12, 19:48:53.078, 1009036239724, vstest.console.dll, AssemblyMetadataProvider.GetArchitecture: Determined architecture:AnyCPU info for assembly: C:\git-dani\udemy-xunit\xunit\Calculations\CalculatorAPP.Test\bin\Debug\net5.0\fine-code-coverage\build-output\CalculatorAPP.Test.dll
TpTrace Information: 0 : 7788, 1, 2022/04/12, 19:48:53.080, 1009036263270, vstest.console.dll, Determined platform for all sources: X64
TpTrace Information: 0 : 7788, 1, 2022/04/12, 19:48:53.086, 1009036319589, vstest.console.dll, Compatible sources list : 
TpTrace Information: 0 : 7788, 1, 2022/04/12, 19:48:53.086, 1009036320934, vstest.console.dll, C:\git-dani\udemy-xunit\xunit\Calculations\CalculatorAPP.Test\bin\Debug\net5.0\fine-code-coverage\build-output\CalculatorAPP.Test.dll
TpTrace Information: 0 : 7788, 1, 2022/04/12, 19:48:53.088, 1009036339907, vstest.console.dll, InferRunSettingsHelper.IsTestSettingsEnabled: Unable to navigate to RunSettings/MSTest. Current node: RunSettings
TpTrace Information: 0 : 7788, 1, 2022/04/12, 19:48:53.088, 1009036345412, vstest.console.dll, AssemblyResolver.OnResolve: Microsoft.VisualStudio.TestPlatform.Fakes: Resolving assembly.
TpTrace Information: 0 : 7788, 1, 2022/04/12, 19:48:53.088, 1009036345911, vstest.console.dll, AssemblyResolver.OnResolve: Microsoft.VisualStudio.TestPlatform.Fakes: Searching in: 'C:\Program Files\dotnet\sdk\6.0.102\Extensions'.
TpTrace Information: 0 : 7788, 1, 2022/04/12, 19:48:53.088, 1009036346883, vstest.console.dll, AssemblyResolver.OnResolve: Microsoft.VisualStudio.TestPlatform.Fakes: Assembly path does not exist: 'C:\Program Files\dotnet\sdk\6.0.102\Extensions\Microsoft.VisualStudio.TestPlatform.Fakes.dll', returning.
TpTrace Information: 0 : 7788, 1, 2022/04/12, 19:48:53.088, 1009036347322, vstest.console.dll, AssemblyResolver.OnResolve: Microsoft.VisualStudio.TestPlatform.Fakes: Assembly path does not exist: 'C:\Program Files\dotnet\sdk\6.0.102\Extensions\Microsoft.VisualStudio.TestPlatform.Fakes.exe', returning.
TpTrace Information: 0 : 7788, 1, 2022/04/12, 19:48:53.088, 1009036347565, vstest.console.dll, AssemblyResolver.OnResolve: Microsoft.VisualStudio.TestPlatform.Fakes: Searching in: 'C:\Program Files\dotnet\sdk\6.0.102'.
TpTrace Information: 0 : 7788, 1, 2022/04/12, 19:48:53.088, 1009036348006, vstest.console.dll, AssemblyResolver.OnResolve: Microsoft.VisualStudio.TestPlatform.Fakes: Assembly path does not exist: 'C:\Program Files\dotnet\sdk\6.0.102\Microsoft.VisualStudio.TestPlatform.Fakes.dll', returning.
TpTrace Information: 0 : 7788, 1, 2022/04/12, 19:48:53.088, 1009036348383, vstest.console.dll, AssemblyResolver.OnResolve: Microsoft.VisualStudio.TestPlatform.Fakes: Assembly path does not exist: 'C:\Program Files\dotnet\sdk\6.0.102\Microsoft.VisualStudio.TestPlatform.Fakes.exe', returning.
TpTrace Information: 0 : 7788, 1, 2022/04/12, 19:48:53.088, 1009036348561, vstest.console.dll, AssemblyResolver.OnResolve: Microsoft.VisualStudio.TestPlatform.Fakes: Failed to load assembly.
TpTrace Information: 0 : 7788, 1, 2022/04/12, 19:48:53.089, 1009036350589, vstest.console.dll, Failed to load assembly Microsoft.VisualStudio.TestPlatform.Fakes, Version=17.0.0.0, Culture=neutral. Reason:System.IO.FileNotFoundException: Could not load file or assembly 'Microsoft.VisualStudio.TestPlatform.Fakes, Version=17.0.0.0, Culture=neutral, PublicKeyToken=null'. O sistema não pode encontrar o arquivo especificado.
File name: 'Microsoft.VisualStudio.TestPlatform.Fakes, Version=17.0.0.0, Culture=neutral, PublicKeyToken=null'
   at System.Reflection.RuntimeAssembly.InternalLoad(ObjectHandleOnStack assemblyName, ObjectHandleOnStack requestingAssembly, StackCrawlMarkHandle stackMark, Boolean throwOnFileNotFound, ObjectHandleOnStack assemblyLoadContext, ObjectHandleOnStack retAssembly)
   at System.Reflection.RuntimeAssembly.InternalLoad(AssemblyName assemblyName, RuntimeAssembly requestingAssembly, StackCrawlMark& stackMark, Boolean throwOnFileNotFound, AssemblyLoadContext assemblyLoadContext)
   at System.Reflection.Assembly.Load(AssemblyName assemblyRef)
   at Microsoft.VisualStudio.TestPlatform.Common.Utilities.FakesUtilities.LoadTestPlatformAssembly()
TpTrace Verbose: 0 : 7788, 1, 2022/04/12, 19:48:53.091, 1009036378106, vstest.console.dll, TestPluginCache.DiscoverTestExtensions: finding test extensions in assemblies ends with: TestLogger.dll TPluginInfo: Microsoft.VisualStudio.TestPlatform.Common.ExtensionFramework.Utilities.TestLoggerPluginInformation TExtension: Microsoft.VisualStudio.TestPlatform.ObjectModel.Client.ITestLogger
TpTrace Verbose: 0 : 7788, 1, 2022/04/12, 19:48:53.091, 1009036378777, vstest.console.dll, TestPluginCache.GetExtensionPaths: Filtered extension paths: 
TpTrace Verbose: 0 : 7788, 1, 2022/04/12, 19:48:53.091, 1009036378987, vstest.console.dll, TestPluginCache.GetExtensionPaths: Added default extension paths: C:\Program Files\dotnet\sdk\6.0.102\Extensions\Microsoft.Diagnostics.NETCore.Client.dll
C:\Program Files\dotnet\sdk\6.0.102\Extensions\Microsoft.TestPlatform.Extensions.BlameDataCollector.dll
C:\Program Files\dotnet\sdk\6.0.102\Extensions\Microsoft.TestPlatform.Extensions.EventLogCollector.dll
C:\Program Files\dotnet\sdk\6.0.102\Extensions\Microsoft.TestPlatform.TestHostRuntimeProvider.dll
C:\Program Files\dotnet\sdk\6.0.102\Extensions\Microsoft.VisualStudio.TestPlatform.Extensions.Html.TestLogger.dll
C:\Program Files\dotnet\sdk\6.0.102\Extensions\Microsoft.VisualStudio.TestPlatform.Extensions.Trx.TestLogger.dll
TpTrace Verbose: 0 : 7788, 1, 2022/04/12, 19:48:53.091, 1009036379208, vstest.console.dll, TestPluginCache.GetExtensionPaths: Added unfilterableExtensionPaths: 
TpTrace Information: 0 : 7788, 1, 2022/04/12, 19:48:53.092, 1009036380356, vstest.console.dll, AssemblyResolver.AddSearchDirectories: Adding more searchDirectories C:\Program Files\dotnet\sdk\6.0.102\Extensions,C:\Program Files\dotnet\sdk\6.0.102
TpTrace Verbose: 0 : 7788, 1, 2022/04/12, 19:48:53.092, 1009036380655, vstest.console.dll, TestPluginCache.DiscoverTestExtensions: Discovering the extensions using extension path.
TpTrace Verbose: 0 : 7788, 1, 2022/04/12, 19:48:53.092, 1009036380915, vstest.console.dll, TestPluginCache.GetExtensionPaths: Filtered extension paths: 
TpTrace Verbose: 0 : 7788, 1, 2022/04/12, 19:48:53.092, 1009036381083, vstest.console.dll, TestPluginCache.GetExtensionPaths: Added default extension paths: C:\Program Files\dotnet\sdk\6.0.102\Extensions\Microsoft.Diagnostics.NETCore.Client.dll
C:\Program Files\dotnet\sdk\6.0.102\Extensions\Microsoft.TestPlatform.Extensions.BlameDataCollector.dll
C:\Program Files\dotnet\sdk\6.0.102\Extensions\Microsoft.TestPlatform.Extensions.EventLogCollector.dll
C:\Program Files\dotnet\sdk\6.0.102\Extensions\Microsoft.TestPlatform.TestHostRuntimeProvider.dll
C:\Program Files\dotnet\sdk\6.0.102\Extensions\Microsoft.VisualStudio.TestPlatform.Extensions.Html.TestLogger.dll
C:\Program Files\dotnet\sdk\6.0.102\Extensions\Microsoft.VisualStudio.TestPlatform.Extensions.Trx.TestLogger.dll
TpTrace Verbose: 0 : 7788, 1, 2022/04/12, 19:48:53.092, 1009036381312, vstest.console.dll, TestPluginCache.GetExtensionPaths: Added unfilterableExtensionPaths: 
TpTrace Verbose: 0 : 7788, 1, 2022/04/12, 19:48:53.092, 1009036381495, vstest.console.dll, TestPluginCache.DiscoverTestExtensions: Discovering the extensions using allExtensionPaths: C:\Program Files\dotnet\sdk\6.0.102\Extensions\Microsoft.Diagnostics.NETCore.Client.dll
C:\Program Files\dotnet\sdk\6.0.102\Extensions\Microsoft.TestPlatform.Extensions.BlameDataCollector.dll
C:\Program Files\dotnet\sdk\6.0.102\Extensions\Microsoft.TestPlatform.Extensions.EventLogCollector.dll
C:\Program Files\dotnet\sdk\6.0.102\Extensions\Microsoft.TestPlatform.TestHostRuntimeProvider.dll
C:\Program Files\dotnet\sdk\6.0.102\Extensions\Microsoft.VisualStudio.TestPlatform.Extensions.Html.TestLogger.dll
C:\Program Files\dotnet\sdk\6.0.102\Extensions\Microsoft.VisualStudio.TestPlatform.Extensions.Trx.TestLogger.dll
TpTrace Information: 0 : 7788, 1, 2022/04/12, 19:48:53.092, 1009036381798, vstest.console.dll, AssemblyResolver.AddSearchDirectories: Adding more searchDirectories C:\Program Files\dotnet\sdk\6.0.102\Extensions,C:\Program Files\dotnet\sdk\6.0.102
TpTrace Information: 0 : 7788, 1, 2022/04/12, 19:48:53.092, 1009036382004, vstest.console.dll, AssemblyResolver.AddSearchDirectories: Adding more searchDirectories C:\Program Files\dotnet\sdk\6.0.102\Extensions,C:\Program Files\dotnet\sdk\6.0.102
TpTrace Information: 0 : 7788, 1, 2022/04/12, 19:48:53.092, 1009036382180, vstest.console.dll, AssemblyResolver.AddSearchDirectories: Adding more searchDirectories C:\Program Files\dotnet\sdk\6.0.102\Extensions,C:\Program Files\dotnet\sdk\6.0.102
TpTrace Information: 0 : 7788, 1, 2022/04/12, 19:48:53.092, 1009036382472, vstest.console.dll, AssemblyResolver.AddSearchDirectories: Adding more searchDirectories C:\Program Files\dotnet\sdk\6.0.102\Extensions,C:\Program Files\dotnet\sdk\6.0.102
TpTrace Information: 0 : 7788, 1, 2022/04/12, 19:48:53.092, 1009036382656, vstest.console.dll, AssemblyResolver.AddSearchDirectories: Adding more searchDirectories C:\Program Files\dotnet\sdk\6.0.102\Extensions,C:\Program Files\dotnet\sdk\6.0.102
TpTrace Information: 0 : 7788, 1, 2022/04/12, 19:48:53.092, 1009036382825, vstest.console.dll, AssemblyResolver.AddSearchDirectories: Adding more searchDirectories C:\Program Files\dotnet\sdk\6.0.102\Extensions,C:\Program Files\dotnet\sdk\6.0.102
TpTrace Information: 0 : 7788, 1, 2022/04/12, 19:48:53.092, 1009036384547, vstest.console.dll, AssemblyResolver.OnResolve: Microsoft.Bcl.AsyncInterfaces: Resolving assembly.
TpTrace Information: 0 : 7788, 1, 2022/04/12, 19:48:53.092, 1009036384858, vstest.console.dll, AssemblyResolver.OnResolve: Microsoft.Bcl.AsyncInterfaces: Resolved from cache.
TpTrace Verbose: 0 : 7788, 1, 2022/04/12, 19:48:53.092, 1009036385079, vstest.console.dll, CurrentDomainAssemblyResolve: Resolving assembly 'Microsoft.Bcl.AsyncInterfaces'.
TpTrace Information: 0 : 7788, 1, 2022/04/12, 19:48:53.092, 1009036385346, vstest.console.dll, AssemblyResolver.OnResolve: Microsoft.Bcl.AsyncInterfaces: Resolving assembly.
TpTrace Information: 0 : 7788, 1, 2022/04/12, 19:48:53.092, 1009036385509, vstest.console.dll, AssemblyResolver.OnResolve: Microsoft.Bcl.AsyncInterfaces: Resolved from cache.
TpTrace Verbose: 0 : 7788, 1, 2022/04/12, 19:48:53.092, 1009036385740, vstest.console.dll, CurrentDomainAssemblyResolve: Resolving assembly 'Microsoft.Bcl.AsyncInterfaces'.
TpTrace Verbose: 0 : 7788, 1, 2022/04/12, 19:48:53.092, 1009036385899, vstest.console.dll, CurrentDomainAssemblyResolve: Failed to resolve assembly 'Microsoft.Bcl.AsyncInterfaces'.
TpTrace Verbose: 0 : 7788, 1, 2022/04/12, 19:48:53.092, 1009036386932, vstest.console.dll, CurrentDomainAssemblyResolve: Failed to resolve assembly 'Microsoft.Bcl.AsyncInterfaces'.
TpTrace Warning: 0 : 7788, 1, 2022/04/12, 19:48:53.092, 1009036389305, vstest.console.dll, TestPluginDiscoverer: Failed to get types from assembly 'Microsoft.Diagnostics.NETCore.Client, Version=0.2.4.21401, Culture=neutral, PublicKeyToken=31bf3856ad364e35'.  Skipping test extension scan for this assembly.  Error: System.Reflection.ReflectionTypeLoadException: Unable to load one or more of the requested types.
Could not load file or assembly 'Microsoft.Bcl.AsyncInterfaces, Version=1.0.0.0, Culture=neutral, PublicKeyToken=cc7b13ffcd2ddd51'. O sistema não pode encontrar o arquivo especificado.
   at System.Reflection.RuntimeModule.GetTypes(RuntimeModule module)
   at System.Reflection.Assembly.GetTypes()
   at Microsoft.VisualStudio.TestPlatform.Common.ExtensionFramework.TestPluginDiscoverer.GetTestExtensionsFromAssembly[TPluginInfo,TExtension](Assembly assembly, Dictionary`2 pluginInfos)
System.IO.FileNotFoundException: Could not load file or assembly 'Microsoft.Bcl.AsyncInterfaces, Version=1.0.0.0, Culture=neutral, PublicKeyToken=cc7b13ffcd2ddd51'. O sistema não pode encontrar o arquivo especificado.
File name: 'Microsoft.Bcl.AsyncInterfaces, Version=1.0.0.0, Culture=neutral, PublicKeyToken=cc7b13ffcd2ddd51'
 ---> System.IO.FileNotFoundException: Could not load file or assembly 'Microsoft.Bcl.AsyncInterfaces, Culture=neutral, PublicKeyToken=null'. O sistema não pode encontrar o arquivo especificado.
File name: 'Microsoft.Bcl.AsyncInterfaces, Culture=neutral, PublicKeyToken=null'
   at System.Reflection.RuntimeAssembly.InternalLoad(ObjectHandleOnStack assemblyName, ObjectHandleOnStack requestingAssembly, StackCrawlMarkHandle stackMark, Boolean throwOnFileNotFound, ObjectHandleOnStack assemblyLoadContext, ObjectHandleOnStack retAssembly)
   at System.Reflection.RuntimeAssembly.InternalLoad(AssemblyName assemblyName, RuntimeAssembly requestingAssembly, StackCrawlMark& stackMark, Boolean throwOnFileNotFound, AssemblyLoadContext assemblyLoadContext)
   at System.Reflection.Assembly.Load(AssemblyName assemblyRef)
   at Microsoft.VisualStudio.TestPlatform.Common.ExtensionFramework.TestPluginCache.CurrentDomainAssemblyResolve(Object sender, AssemblyResolveEventArgs args)
   at Microsoft.VisualStudio.TestPlatform.PlatformAbstractions.PlatformAssemblyResolver.AssemblyResolverEvent(Object sender, Object eventArgs)
   at System.Runtime.Loader.AssemblyLoadContext.GetFirstResolvedAssemblyFromResolvingEvent(AssemblyName assemblyName)
   at System.Runtime.Loader.AssemblyLoadContext.ResolveUsingEvent(AssemblyName assemblyName)
   at System.Runtime.Loader.AssemblyLoadContext.ResolveUsingResolvingEvent(IntPtr gchManagedAssemblyLoadContext, AssemblyName assemblyName)
TpTrace Warning: 0 : 7788, 1, 2022/04/12, 19:48:53.093, 1009036390366, vstest.console.dll, LoaderExceptions: System.IO.FileNotFoundException: Could not load file or assembly 'Microsoft.Bcl.AsyncInterfaces, Version=1.0.0.0, Culture=neutral, PublicKeyToken=cc7b13ffcd2ddd51'. O sistema não pode encontrar o arquivo especificado.
File name: 'Microsoft.Bcl.AsyncInterfaces, Version=1.0.0.0, Culture=neutral, PublicKeyToken=cc7b13ffcd2ddd51'
 ---> System.IO.FileNotFoundException: Could not load file or assembly 'Microsoft.Bcl.AsyncInterfaces, Culture=neutral, PublicKeyToken=null'. O sistema não pode encontrar o arquivo especificado.
File name: 'Microsoft.Bcl.AsyncInterfaces, Culture=neutral, PublicKeyToken=null'
   at System.Reflection.RuntimeAssembly.InternalLoad(ObjectHandleOnStack assemblyName, ObjectHandleOnStack requestingAssembly, StackCrawlMarkHandle stackMark, Boolean throwOnFileNotFound, ObjectHandleOnStack assemblyLoadContext, ObjectHandleOnStack retAssembly)
   at System.Reflection.RuntimeAssembly.InternalLoad(AssemblyName assemblyName, RuntimeAssembly requestingAssembly, StackCrawlMark& stackMark, Boolean throwOnFileNotFound, AssemblyLoadContext assemblyLoadContext)
   at System.Reflection.Assembly.Load(AssemblyName assemblyRef)
   at Microsoft.VisualStudio.TestPlatform.Common.ExtensionFramework.TestPluginCache.CurrentDomainAssemblyResolve(Object sender, AssemblyResolveEventArgs args)
   at Microsoft.VisualStudio.TestPlatform.PlatformAbstractions.PlatformAssemblyResolver.AssemblyResolverEvent(Object sender, Object eventArgs)
   at System.Runtime.Loader.AssemblyLoadContext.GetFirstResolvedAssemblyFromResolvingEvent(AssemblyName assemblyName)
   at System.Runtime.Loader.AssemblyLoadContext.ResolveUsingEvent(AssemblyName assemblyName)
   at System.Runtime.Loader.AssemblyLoadContext.ResolveUsingResolvingEvent(IntPtr gchManagedAssemblyLoadContext, AssemblyName assemblyName)
TpTrace Verbose: 0 : 7788, 1, 2022/04/12, 19:48:53.093, 1009036392869, vstest.console.dll, TestPluginCache: Discovered the extensions using extension path ''.
TpTrace Verbose: 0 : 7788, 1, 2022/04/12, 19:48:53.093, 1009036393191, vstest.console.dll, TestPluginCache: Discoverers are ''.
TpTrace Verbose: 0 : 7788, 1, 2022/04/12, 19:48:53.093, 1009036393350, vstest.console.dll, TestPluginCache: Executors are ''.
TpTrace Verbose: 0 : 7788, 1, 2022/04/12, 19:48:53.093, 1009036393498, vstest.console.dll, TestPluginCache: Executors2 are ''.
TpTrace Verbose: 0 : 7788, 1, 2022/04/12, 19:48:53.093, 1009036393679, vstest.console.dll, TestPluginCache: Setting providers are ''.
TpTrace Verbose: 0 : 7788, 1, 2022/04/12, 19:48:53.093, 1009036394119, vstest.console.dll, TestPluginCache: Loggers are 'logger://Microsoft/TestPlatform/Extensions/Blame/v1,logger://Microsoft/TestPlatform/HtmlLogger/v1,logger://Microsoft/TestPlatform/TrxLogger/v1'.
TpTrace Information: 0 : 7788, 1, 2022/04/12, 19:48:53.093, 1009036398371, vstest.console.dll, TestPluginManager.CreateTestExtension: Attempting to load test extension: Microsoft.TestPlatform.Extensions.BlameDataCollector.BlameLogger
TpTrace Information: 0 : 7788, 1, 2022/04/12, 19:48:53.100, 1009036467296, vstest.console.dll, TestPluginManager.CreateTestExtension: Attempting to load test extension: Microsoft.VisualStudio.TestPlatform.CrossPlatEngine.Hosting.DefaultTestHostManager
TpTrace Information: 0 : 7788, 1, 2022/04/12, 19:48:53.101, 1009036479362, vstest.console.dll, TestPluginManager.CreateTestExtension: Attempting to load test extension: Microsoft.VisualStudio.TestPlatform.CrossPlatEngine.Hosting.DotnetTestHostManager
TpTrace Verbose: 0 : 7788, 1, 2022/04/12, 19:48:53.102, 1009036484099, vstest.console.dll, TestEngine: Initializing Parallel Execution as MaxCpuCount is set to: 1
TpTrace Information: 0 : 7788, 1, 2022/04/12, 19:48:53.102, 1009036488427, vstest.console.dll, InferRunSettingsHelper.IsTestSettingsEnabled: Unable to navigate to RunSettings/MSTest. Current node: RunSettings
TpTrace Verbose: 0 : 7788, 1, 2022/04/12, 19:48:53.112, 1009036580199, vstest.console.dll, TestRequestSender is acting as server
TpTrace Verbose: 0 : 7788, 5, 2022/04/12, 19:48:53.121, 1009036675899, vstest.console.dll, DataCollectionRequestSender.InitializeCommunication : Initialize communication. 
TpTrace Information: 0 : 7788, 5, 2022/04/12, 19:48:53.126, 1009036720738, vstest.console.dll, Listening on Endpoint : 127.0.0.1:53773
TpTrace Verbose: 0 : 7788, 5, 2022/04/12, 19:48:53.137, 1009036839378, vstest.console.dll, DotnetDataCollectionLauncher: Full path of dotnet.exe is C:\Program Files\dotnet\dotnet.exe
TpTrace Verbose: 0 : 7788, 5, 2022/04/12, 19:48:53.138, 1009036841141, vstest.console.dll, DotnetDataCollectionLauncher: Adding  --runtimeconfig "C:\Program Files\dotnet\sdk\6.0.102\datacollector.runtimeconfig.json" in args
TpTrace Verbose: 0 : 7788, 5, 2022/04/12, 19:48:53.138, 1009036841841, vstest.console.dll, DotnetDataCollectionLauncher: Adding  --depsfile "C:\Program Files\dotnet\sdk\6.0.102\datacollector.deps.json" in args
TpTrace Information: 0 : 7788, 5, 2022/04/12, 19:48:53.147, 1009036938222, vstest.console.dll, ProxyDataCollectionManager.Initialize: Launched datacollector processId: 7144 port: 53773
TpTrace Information: 0 : 7788, 5, 2022/04/12, 19:48:53.148, 1009036941670, vstest.console.dll, ProxyDataCollectionManager.Initialize: waiting for connection with timeout: 90 seconds
TpTrace Verbose: 0 : 7788, 5, 2022/04/12, 19:48:53.148, 1009036943428, vstest.console.dll, DataCollectionRequestSender.WaitForRequestHandlerConnection : Waiting for connection with timeout: 90000
TpTrace Information: 0 : 7788, 8, 2022/04/12, 19:48:53.304, 1009038508556, vstest.console.dll, Using the buffer size of 16384 bytes
TpTrace Verbose: 0 : 7788, 5, 2022/04/12, 19:48:53.304, 1009038509124, vstest.console.dll, ProxyDataCollectionManager.InvokeDataCollectionServiceAction: Starting.
TpTrace Information: 0 : 7788, 8, 2022/04/12, 19:48:53.305, 1009038509720, vstest.console.dll, Accepted Client request and set the flag
TpTrace Information: 0 : 7788, 5, 2022/04/12, 19:48:53.305, 1009038510543, vstest.console.dll, ProxyDataCollectionManager.BeforeTestRunStart: Get environment variable and port for datacollector processId: 7144 port: 53773
TpTrace Verbose: 0 : 7788, 5, 2022/04/12, 19:48:53.305, 1009038511854, vstest.console.dll, DataCollectionRequestSender.SendBeforeTestRunStartAndGetResult : Send BeforeTestRunStart message with settingsXml <RunSettings><RunConfiguration><ResultsDirectory>C:\git-dani\udemy-xunit\xunit\Calculations\CalculatorAPP.Test\bin\Debug\net5.0\fine-code-coverage\coverage-tool-output</ResultsDirectory><TargetPlatform>X64</TargetPlatform><TargetFrameworkVersion>.NETCoreApp,Version=v5.0</TargetFrameworkVersion><DesignMode>False</DesignMode><CollectSourceInformation>False</CollectSourceInformation><TestAdaptersPaths>C:\Program Files\dotnet\sdk\6.0.102\Extensions</TestAdaptersPaths></RunConfiguration><LoggerRunSettings><Loggers><Logger friendlyName="blame" enabled="True" /><Logger friendlyName="Console" uri="logger://microsoft/TestPlatform/ConsoleLogger/v1" assemblyQualifiedName="Microsoft.VisualStudio.TestPlatform.CommandLine.Internal.ConsoleLogger, vstest.console, Version=15.0.0.0, Culture=neutral, PublicKeyToken=b03f5f7f11d50a3a" codeBase="C:\Program Files\dotnet\sdk\6.0.102\vstest.console.dll" enabled="True" /></Loggers></LoggerRunSettings><DataCollectionRunSettings><DataCollectors><DataCollector friendlyName="blame" enabled="True"><Configuration><ResultsDirectory>C:\git-dani\udemy-xunit\xunit\Calculations\CalculatorAPP.Test\bin\Debug\net5.0\fine-code-coverage\coverage-tool-output</ResultsDirectory></Configuration></DataCollector></DataCollectors></DataCollectionRunSettings></RunSettings> and sources System.Linq.Enumerable+Concat2Iterator`1[System.String]: 
TpTrace Verbose: 0 : 7788, 5, 2022/04/12, 19:48:53.391, 1009039372105, vstest.console.dll, DataCollectionRequestSender.SendBeforeTestRunStartAndGetResult : Received message: (DataCollection.SendMessage) -> {
  "FriendlyName": null,
  "Uri": null,
  "TestCaseId": "00000000-0000-0000-0000-000000000000",
  "Message": "Logging DataCollector Diagnostics in file: C:\\git-dani\\udemy-xunit\\xunit\\Calculations\\CalculatorAPP.Test\\bin\\Debug\\net5.0\\fine-code-coverage\\coverage-tool-output\\diagnostics.datacollector.22-04-12_19-48-53_13490_5.log",
  "Level": 0
}
TpTrace Verbose: 0 : 7788, 5, 2022/04/12, 19:48:53.457, 1009040038425, vstest.console.dll, DataCollectionRequestSender.SendBeforeTestRunStartAndGetResult : Received message: (DataCollection.BeforeTestRunStartResult) -> {
  "EnvironmentVariables": {},
  "DataCollectionEventsPort": 53775
}
TpTrace Information: 0 : 7788, 5, 2022/04/12, 19:48:53.462, 1009040081337, vstest.console.dll, ProxyDataCollectionManager.BeforeTestRunStart: SendBeforeTestRunStartAndGetResult successful, env variable from datacollector:   and testhost port: 53775
TpTrace Information: 0 : 7788, 5, 2022/04/12, 19:48:53.462, 1009040082866, vstest.console.dll, ProxyDataCollectionManager.InvokeDataCollectionServiceAction: Completed.
TpTrace Verbose: 0 : 7788, 1, 2022/04/12, 19:48:53.462, 1009040084232, vstest.console.dll, TestRunRequest.ExecuteAsync: Creating test run request.
TpTrace Verbose: 0 : 7788, 1, 2022/04/12, 19:48:53.463, 1009040091240, vstest.console.dll, TestRunRequest.ExecuteAsync: Starting.
TpTrace Information: 0 : 7788, 1, 2022/04/12, 19:48:53.464, 1009040101686, vstest.console.dll, TestRunRequest.ExecuteAsync: Starting run with settings:TestRunCriteria:
   KeepAlive=False,FrequencyOfRunStatsChangeEvent=10,RunStatsChangeEventTimeout=00:00:01.5000000,TestCaseFilter=,TestExecutorLauncher=
   Settingsxml=<RunSettings>
  <RunConfiguration>
    <ResultsDirectory>C:\git-dani\udemy-xunit\xunit\Calculations\CalculatorAPP.Test\bin\Debug\net5.0\fine-code-coverage\coverage-tool-output</ResultsDirectory>
    <TargetPlatform>X64</TargetPlatform>
    <TargetFrameworkVersion>.NETCoreApp,Version=v5.0</TargetFrameworkVersion>
    <DesignMode>False</DesignMode>
    <CollectSourceInformation>False</CollectSourceInformation>
  </RunConfiguration>
  <LoggerRunSettings>
    <Loggers>
      <Logger friendlyName="blame" enabled="True" />
      <Logger friendlyName="Console" uri="logger://microsoft/TestPlatform/ConsoleLogger/v1" assemblyQualifiedName="Microsoft.VisualStudio.TestPlatform.CommandLine.Internal.ConsoleLogger, vstest.console, Version=15.0.0.0, Culture=neutral, PublicKeyToken=b03f5f7f11d50a3a" codeBase="C:\Program Files\dotnet\sdk\6.0.102\vstest.console.dll" enabled="True" />
    </Loggers>
  </LoggerRunSettings>
  <DataCollectionRunSettings>
    <DataCollectors>
      <DataCollector friendlyName="blame" enabled="True">
        <Configuration>
          <ResultsDirectory>C:\git-dani\udemy-xunit\xunit\Calculations\CalculatorAPP.Test\bin\Debug\net5.0\fine-code-coverage\coverage-tool-output</ResultsDirectory>
        </Configuration>
      </DataCollector>
    </DataCollectors>
  </DataCollectionRunSettings>
</RunSettings>

TpTrace Verbose: 0 : 7788, 1, 2022/04/12, 19:48:53.464, 1009040105069, vstest.console.dll, TestRunRequest.ExecuteAsync: Wait for the first run request is over.
TpTrace Verbose: 0 : 7788, 1, 2022/04/12, 19:48:53.465, 1009040115739, vstest.console.dll, ParallelProxyExecutionManager: Start execution. Total sources: 1
TpTrace Information: 0 : 7788, 1, 2022/04/12, 19:48:53.467, 1009040134622, vstest.console.dll, ProxyParallelExecutionManager: Triggering test run for next source: C:\git-dani\udemy-xunit\xunit\Calculations\CalculatorAPP.Test\bin\Debug\net5.0\fine-code-coverage\build-output\CalculatorAPP.Test.dll
TpTrace Verbose: 0 : 7788, 1, 2022/04/12, 19:48:53.467, 1009040138857, vstest.console.dll, ProxyParallelExecutionManager: No sources available for execution.
TpTrace Verbose: 0 : 7788, 5, 2022/04/12, 19:48:53.467, 1009040139037, vstest.console.dll, ParallelProxyExecutionManager: Execution started. Started clients: 1
TpTrace Information: 0 : 7788, 1, 2022/04/12, 19:48:53.467, 1009040139247, vstest.console.dll, TestRunRequest.ExecuteAsync: Started.
TpTrace Verbose: 0 : 7788, 1, 2022/04/12, 19:48:53.468, 1009040140332, vstest.console.dll, TestRunRequest.WaitForCompletion: Waiting with timeout -1.
TpTrace Verbose: 0 : 7788, 5, 2022/04/12, 19:48:53.468, 1009040141972, vstest.console.dll, TestRunRequest:SendTestRunMessage: Starting.
TpTrace Information: 0 : 7788, 5, 2022/04/12, 19:48:53.468, 1009040143060, vstest.console.dll, TestRunRequest:SendTestRunMessage: Completed.
TpTrace Verbose: 0 : 7788, 5, 2022/04/12, 19:48:53.468, 1009040144721, vstest.console.dll, ProxyExecutionManager: Test host is always Lazy initialize.
TpTrace Verbose: 0 : 7788, 5, 2022/04/12, 19:48:53.468, 1009040146547, vstest.console.dll, TestRequestSender.InitializeCommunication: initialize communication. 
TpTrace Information: 0 : 7788, 5, 2022/04/12, 19:48:53.469, 1009040150481, vstest.console.dll, SocketServer.Start: Listening on endpoint : 127.0.0.1:53776
TpTrace Verbose: 0 : 7788, 5, 2022/04/12, 19:48:53.469, 1009040156588, vstest.console.dll, DotnetTestHostmanager: Adding  --runtimeconfig "C:\git-dani\udemy-xunit\xunit\Calculations\CalculatorAPP.Test\bin\Debug\net5.0\fine-code-coverage\build-output\CalculatorAPP.Test.runtimeconfig.json" in args
TpTrace Verbose: 0 : 7788, 5, 2022/04/12, 19:48:53.469, 1009040157341, vstest.console.dll, DotnetTestHostmanager: Adding  --depsfile "C:\git-dani\udemy-xunit\xunit\Calculations\CalculatorAPP.Test\bin\Debug\net5.0\fine-code-coverage\build-output\CalculatorAPP.Test.deps.json" in args
TpTrace Verbose: 0 : 7788, 5, 2022/04/12, 19:48:53.469, 1009040158860, vstest.console.dll, DotnetTestHostManager: Testhost.exe/testhost.x86.exe found at path: C:\git-dani\udemy-xunit\xunit\Calculations\CalculatorAPP.Test\bin\Debug\net5.0\fine-code-coverage\build-output\testhost.exe
TpTrace Verbose: 0 : 7788, 5, 2022/04/12, 19:48:53.469, 1009040159149, vstest.console.dll, DotnetTestHostmanager: Full path of host exe is C:\git-dani\udemy-xunit\xunit\Calculations\CalculatorAPP.Test\bin\Debug\net5.0\fine-code-coverage\build-output\testhost.exe
TpTrace Verbose: 0 : 7788, 7, 2022/04/12, 19:48:53.470, 1009040165505, vstest.console.dll, DotnetTestHostManager: Starting process 'C:\git-dani\udemy-xunit\xunit\Calculations\CalculatorAPP.Test\bin\Debug\net5.0\fine-code-coverage\build-output\testhost.exe' with command line ' --runtimeconfig "C:\git-dani\udemy-xunit\xunit\Calculations\CalculatorAPP.Test\bin\Debug\net5.0\fine-code-coverage\build-output\CalculatorAPP.Test.runtimeconfig.json" --depsfile "C:\git-dani\udemy-xunit\xunit\Calculations\CalculatorAPP.Test\bin\Debug\net5.0\fine-code-coverage\build-output\CalculatorAPP.Test.deps.json" --port 53776 --endpoint 127.0.0.1:053776 --role client --parentprocessid 7788 --diag "C:\git-dani\udemy-xunit\xunit\Calculations\CalculatorAPP.Test\bin\Debug\net5.0\fine-code-coverage\coverage-tool-output\diagnostics.host.22-04-12_19-48-53_46935_5.log" --tracelevel 4 --datacollectionport 53775 --telemetryoptedin false'
TpTrace Verbose: 0 : 7788, 7, 2022/04/12, 19:48:53.474, 1009040208001, vstest.console.dll, Test Runtime launched
TpTrace Verbose: 0 : 7788, 5, 2022/04/12, 19:48:53.475, 1009040213274, vstest.console.dll, TestRequestSender.WaitForRequestHandlerConnection: waiting for connection with timeout: 90000
TpTrace Verbose: 0 : 7788, 7, 2022/04/12, 19:48:53.654, 1009042000096, vstest.console.dll, SocketServer.OnClientConnected: Client connected for endPoint: 127.0.0.1:53776, starting MessageLoopAsync:
TpTrace Verbose: 0 : 7788, 14, 2022/04/12, 19:48:53.654, 1009042002488, vstest.console.dll, TcpClientExtensions.MessageLoopAsync: Polling on remoteEndPoint: 127.0.0.1:53777 localEndPoint: 127.0.0.1:53776
TpTrace Verbose: 0 : 7788, 14, 2022/04/12, 19:48:53.779, 1009043253977, vstest.console.dll, TcpClientExtensions.MessageLoopAsync: NotifyDataAvailable remoteEndPoint: 127.0.0.1:53777 localEndPoint: 127.0.0.1:53776
TpTrace Verbose: 0 : 7788, 14, 2022/04/12, 19:48:53.779, 1009043259381, vstest.console.dll, TestRequestSender.CheckVersionWithTestHost: onMessageReceived received message: (ProtocolVersion) -> 5
TpTrace Verbose: 0 : 7788, 14, 2022/04/12, 19:48:53.780, 1009043265644, vstest.console.dll, TcpClientExtensions.MessageLoopAsync: Polling on remoteEndPoint: 127.0.0.1:53777 localEndPoint: 127.0.0.1:53776
TpTrace Verbose: 0 : 7788, 5, 2022/04/12, 19:48:53.780, 1009043266893, vstest.console.dll, TestPluginCache.GetExtensionPaths: Filtered extension paths: 
TpTrace Verbose: 0 : 7788, 5, 2022/04/12, 19:48:53.780, 1009043267603, vstest.console.dll, TestPluginCache.GetExtensionPaths: Added default extension paths: C:\Program Files\dotnet\sdk\6.0.102\Extensions\Microsoft.Diagnostics.NETCore.Client.dll
C:\Program Files\dotnet\sdk\6.0.102\Extensions\Microsoft.TestPlatform.Extensions.BlameDataCollector.dll
C:\Program Files\dotnet\sdk\6.0.102\Extensions\Microsoft.TestPlatform.Extensions.EventLogCollector.dll
C:\Program Files\dotnet\sdk\6.0.102\Extensions\Microsoft.TestPlatform.TestHostRuntimeProvider.dll
C:\Program Files\dotnet\sdk\6.0.102\Extensions\Microsoft.VisualStudio.TestPlatform.Extensions.Html.TestLogger.dll
C:\Program Files\dotnet\sdk\6.0.102\Extensions\Microsoft.VisualStudio.TestPlatform.Extensions.Trx.TestLogger.dll
TpTrace Verbose: 0 : 7788, 5, 2022/04/12, 19:48:53.780, 1009043267949, vstest.console.dll, TestPluginCache.GetExtensionPaths: Added unfilterableExtensionPaths: 
TpTrace Verbose: 0 : 7788, 5, 2022/04/12, 19:48:53.784, 1009043308317, vstest.console.dll, TestRequestSender.InitializeExecution: Sending initializing execution with message: {"Version":5,"MessageType":"TestExecution.Initialize","Payload":["C:\\git-dani\\udemy-xunit\\xunit\\Calculations\\CalculatorAPP.Test\\bin\\Debug\\net5.0\\fine-code-coverage\\build-output\\xunit.runner.visualstudio.dotnetcore.testadapter.dll"]}
TpTrace Verbose: 0 : 7788, 14, 2022/04/12, 19:48:53.788, 1009043342116, vstest.console.dll, TcpClientExtensions.MessageLoopAsync: NotifyDataAvailable remoteEndPoint: 127.0.0.1:53777 localEndPoint: 127.0.0.1:53776
TpTrace Verbose: 0 : 7788, 14, 2022/04/12, 19:48:53.788, 1009043343771, vstest.console.dll, TestRequestSender.OnExecutionMessageReceived: Received message: {"Version":5,"MessageType":"TestSession.Message","Payload":{"MessageLevel":0,"Message":"Logging TestHost Diagnostics in file: C:\\git-dani\\udemy-xunit\\xunit\\Calculations\\CalculatorAPP.Test\\bin\\Debug\\net5.0\\fine-code-coverage\\coverage-tool-output\\diagnostics.host.22-04-12_19-48-53_46935_5.log"}}
TpTrace Verbose: 0 : 7788, 14, 2022/04/12, 19:48:53.789, 1009043356742, vstest.console.dll, TestRunRequest:SendTestRunMessage: Starting.
TpTrace Information: 0 : 7788, 14, 2022/04/12, 19:48:53.789, 1009043357577, vstest.console.dll, TestRunRequest:SendTestRunMessage: Completed.
TpTrace Verbose: 0 : 7788, 14, 2022/04/12, 19:48:53.789, 1009043357812, vstest.console.dll, TcpClientExtensions.MessageLoopAsync: Polling on remoteEndPoint: 127.0.0.1:53777 localEndPoint: 127.0.0.1:53776
TpTrace Verbose: 0 : 7788, 5, 2022/04/12, 19:48:53.799, 1009043449857, vstest.console.dll, TestRequestSender.StartTestRun: Sending test run with message: {"Version":5,"MessageType":"TestExecution.StartWithSources","Payload":{"AdapterSourceMap":{"_none_":["C:\\git-dani\\udemy-xunit\\xunit\\Calculations\\CalculatorAPP.Test\\bin\\Debug\\net5.0\\fine-code-coverage\\build-output\\CalculatorAPP.Test.dll"]},"RunSettings":"<RunSettings>\r\n  <RunConfiguration>\r\n    <ResultsDirectory>C:\\git-dani\\udemy-xunit\\xunit\\Calculations\\CalculatorAPP.Test\\bin\\Debug\\net5.0\\fine-code-coverage\\coverage-tool-output</ResultsDirectory>\r\n    <TargetPlatform>X64</TargetPlatform>\r\n    <TargetFrameworkVersion>.NETCoreApp,Version=v5.0</TargetFrameworkVersion>\r\n    <DesignMode>False</DesignMode>\r\n    <CollectSourceInformation>False</CollectSourceInformation>\r\n  </RunConfiguration>\r\n  <LoggerRunSettings>\r\n    <Loggers>\r\n      <Logger friendlyName=\"blame\" enabled=\"True\" />\r\n      <Logger friendlyName=\"Console\" uri=\"logger://microsoft/TestPlatform/ConsoleLogger/v1\" assemblyQualifiedName=\"Microsoft.VisualStudio.TestPlatform.CommandLine.Internal.ConsoleLogger, vstest.console, Version=15.0.0.0, Culture=neutral, PublicKeyToken=b03f5f7f11d50a3a\" codeBase=\"C:\\Program Files\\dotnet\\sdk\\6.0.102\\vstest.console.dll\" enabled=\"True\" />\r\n    </Loggers>\r\n  </LoggerRunSettings>\r\n  <DataCollectionRunSettings>\r\n    <DataCollectors>\r\n      <DataCollector friendlyName=\"blame\" enabled=\"True\">\r\n        <Configuration>\r\n          <ResultsDirectory>C:\\git-dani\\udemy-xunit\\xunit\\Calculations\\CalculatorAPP.Test\\bin\\Debug\\net5.0\\fine-code-coverage\\coverage-tool-output</ResultsDirectory>\r\n        </Configuration>\r\n      </DataCollector>\r\n    </DataCollectors>\r\n  </DataCollectionRunSettings>\r\n</RunSettings>","TestExecutionContext":{"FrequencyOfRunStatsChangeEvent":10,"RunStatsChangeEventTimeout":"00:00:01.5000000","InIsolation":false,"KeepAlive":false,"AreTestCaseLevelEventsRequired":false,"IsDebug":false,"TestCaseFilter":null,"FilterOptions":null},"Package":null}}
TpTrace Verbose: 0 : 7788, 14, 2022/04/12, 19:48:53.915, 1009044618277, vstest.console.dll, TcpClientExtensions.MessageLoopAsync: NotifyDataAvailable remoteEndPoint: 127.0.0.1:53777 localEndPoint: 127.0.0.1:53776
TpTrace Verbose: 0 : 7788, 14, 2022/04/12, 19:48:53.916, 1009044619838, vstest.console.dll, TestRequestSender.OnExecutionMessageReceived: Received message: {"Version":5,"MessageType":"TestSession.Message","Payload":{"MessageLevel":0,"Message":"[xUnit.net 00:00:00.00] xUnit.net VSTest Adapter v2.4.3+1b45f5407b (64-bit .NET 5.0.14)"}}
TpTrace Verbose: 0 : 7788, 14, 2022/04/12, 19:48:53.916, 1009044621447, vstest.console.dll, TestRunRequest:SendTestRunMessage: Starting.
TpTrace Information: 0 : 7788, 14, 2022/04/12, 19:48:53.916, 1009044621852, vstest.console.dll, TestRunRequest:SendTestRunMessage: Completed.
TpTrace Verbose: 0 : 7788, 14, 2022/04/12, 19:48:53.916, 1009044622048, vstest.console.dll, TcpClientExtensions.MessageLoopAsync: Polling on remoteEndPoint: 127.0.0.1:53777 localEndPoint: 127.0.0.1:53776
TpTrace Verbose: 0 : 7788, 14, 2022/04/12, 19:48:54.271, 1009048178833, vstest.console.dll, TcpClientExtensions.MessageLoopAsync: NotifyDataAvailable remoteEndPoint: 127.0.0.1:53777 localEndPoint: 127.0.0.1:53776
TpTrace Verbose: 0 : 7788, 14, 2022/04/12, 19:48:54.272, 1009048180388, vstest.console.dll, TestRequestSender.OnExecutionMessageReceived: Received message: {"Version":5,"MessageType":"TestSession.Message","Payload":{"MessageLevel":0,"Message":"[xUnit.net 00:00:00.36]   Discovering: CalculatorAPP.Test"}}
TpTrace Verbose: 0 : 7788, 14, 2022/04/12, 19:48:54.272, 1009048182065, vstest.console.dll, TestRunRequest:SendTestRunMessage: Starting.
TpTrace Information: 0 : 7788, 14, 2022/04/12, 19:48:54.272, 1009048182512, vstest.console.dll, TestRunRequest:SendTestRunMessage: Completed.
TpTrace Verbose: 0 : 7788, 14, 2022/04/12, 19:48:54.272, 1009048182724, vstest.console.dll, TcpClientExtensions.MessageLoopAsync: Polling on remoteEndPoint: 127.0.0.1:53777 localEndPoint: 127.0.0.1:53776
TpTrace Verbose: 0 : 7788, 14, 2022/04/12, 19:48:54.299, 1009048459377, vstest.console.dll, TcpClientExtensions.MessageLoopAsync: NotifyDataAvailable remoteEndPoint: 127.0.0.1:53777 localEndPoint: 127.0.0.1:53776
TpTrace Verbose: 0 : 7788, 14, 2022/04/12, 19:48:54.300, 1009048460835, vstest.console.dll, TestRequestSender.OnExecutionMessageReceived: Received message: {"Version":5,"MessageType":"TestSession.Message","Payload":{"MessageLevel":0,"Message":"[xUnit.net 00:00:00.39]   Discovered:  CalculatorAPP.Test"}}
TpTrace Verbose: 0 : 7788, 14, 2022/04/12, 19:48:54.300, 1009048462723, vstest.console.dll, TestRunRequest:SendTestRunMessage: Starting.
TpTrace Information: 0 : 7788, 14, 2022/04/12, 19:48:54.300, 1009048463279, vstest.console.dll, TestRunRequest:SendTestRunMessage: Completed.
TpTrace Verbose: 0 : 7788, 14, 2022/04/12, 19:48:54.300, 1009048463584, vstest.console.dll, TcpClientExtensions.MessageLoopAsync: Polling on remoteEndPoint: 127.0.0.1:53777 localEndPoint: 127.0.0.1:53776
TpTrace Verbose: 0 : 7788, 14, 2022/04/12, 19:48:54.301, 1009048476281, vstest.console.dll, TcpClientExtensions.MessageLoopAsync: NotifyDataAvailable remoteEndPoint: 127.0.0.1:53777 localEndPoint: 127.0.0.1:53776
TpTrace Verbose: 0 : 7788, 14, 2022/04/12, 19:48:54.301, 1009048476743, vstest.console.dll, TestRequestSender.OnExecutionMessageReceived: Received message: {"Version":5,"MessageType":"TestSession.Message","Payload":{"MessageLevel":0,"Message":"[xUnit.net 00:00:00.39]   Starting:    CalculatorAPP.Test"}}
TpTrace Verbose: 0 : 7788, 14, 2022/04/12, 19:48:54.301, 1009048477673, vstest.console.dll, TestRunRequest:SendTestRunMessage: Starting.
TpTrace Information: 0 : 7788, 14, 2022/04/12, 19:48:54.301, 1009048477994, vstest.console.dll, TestRunRequest:SendTestRunMessage: Completed.
TpTrace Verbose: 0 : 7788, 14, 2022/04/12, 19:48:54.301, 1009048478247, vstest.console.dll, TcpClientExtensions.MessageLoopAsync: Polling on remoteEndPoint: 127.0.0.1:53777 localEndPoint: 127.0.0.1:53776
TpTrace Verbose: 0 : 7788, 14, 2022/04/12, 19:48:54.419, 1009049657308, vstest.console.dll, TcpClientExtensions.MessageLoopAsync: NotifyDataAvailable remoteEndPoint: 127.0.0.1:53777 localEndPoint: 127.0.0.1:53776
TpTrace Verbose: 0 : 7788, 14, 2022/04/12, 19:48:54.420, 1009049659712, vstest.console.dll, TestRequestSender.OnExecutionMessageReceived: Received message: {"Version":5,"MessageType":"TestExecution.StatsChange","Payload":{"NewTestResults":[{"TestCase":{"Id":"7e5af9c3-a91d-d56d-a109-0dee3f51351d","FullyQualifiedName":"CalculatorAPP.Test.CalculatorTest.Add_GivenTwoIntValues_ReturnsSUM","DisplayName":"CalculatorAPP.Test.CalculatorTest.Add_GivenTwoIntValues_ReturnsSUM","ExecutorUri":"executor://xunit/VsTestRunner2/netcoreapp","Source":"C:\\git-dani\\udemy-xunit\\xunit\\Calculations\\CalculatorAPP.Test\\bin\\Debug\\net5.0\\fine-code-coverage\\build-output\\CalculatorAPP.Test.dll","CodeFilePath":null,"LineNumber":0,"Properties":[]},"Attachments":[],"Outcome":1,"ErrorMessage":null,"ErrorStackTrace":null,"DisplayName":"CalculatorAPP.Test.CalculatorTest.Add_GivenTwoIntValues_ReturnsSUM","Messages":[],"ComputerName":"NT-14169","Duration":"00:00:00.0035071","StartTime":"2022-04-12T22:48:54.3725835+00:00","EndTime":"2022-04-12T22:48:54.3726501+00:00","Properties":[]},{"TestCase":{"Id":"fd8fa242-886e-0655-f942-c8a05ca00d81","FullyQualifiedName":"CalculatorAPP.Test.FibonacciTest.FiboIncludes13","DisplayName":"CalculatorAPP.Test.FibonacciTest.FiboIncludes13","ExecutorUri":"executor://xunit/VsTestRunner2/netcoreapp","Source":"C:\\git-dani\\udemy-xunit\\xunit\\Calculations\\CalculatorAPP.Test\\bin\\Debug\\net5.0\\fine-code-coverage\\build-output\\CalculatorAPP.Test.dll","CodeFilePath":null,"LineNumber":0,"Properties":[]},"Attachments":[],"Outcome":1,"ErrorMessage":null,"ErrorStackTrace":null,"DisplayName":"CalculatorAPP.Test.FibonacciTest.FiboIncludes13","Messages":[],"ComputerName":"NT-14169","Duration":"00:00:00.0028925","StartTime":"2022-04-12T22:48:54.3893738+00:00","EndTime":"2022-04-12T22:48:54.3893747+00:00","Properties":[]},{"TestCase":{"Id":"ca713c50-6d2c-3397-6ba2-31607e7e9dc3","FullyQualifiedName":"CalculatorAPP.Test.CustomerTest.CheckNameNorEmpty","DisplayName":"CalculatorAPP.Test.CustomerTest.CheckNameNorEmpty","ExecutorUri":"executor://xunit/VsTestRunner2/netcoreapp","Source":"C:\\git-dani\\udemy-xunit\\xunit\\Calculations\\CalculatorAPP.Test\\bin\\Debug\\net5.0\\fine-code-coverage\\build-output\\CalculatorAPP.Test.dll","CodeFilePath":null,"LineNumber":0,"Properties":[]},"Attachments":[],"Outcome":1,"ErrorMessage":null,"ErrorStackTrace":null,"DisplayName":"CalculatorAPP.Test.CustomerTest.CheckNameNorEmpty","Messages":[],"ComputerName":"NT-14169","Duration":"00:00:00.0028246","StartTime":"2022-04-12T22:48:54.3905378+00:00","EndTime":"2022-04-12T22:48:54.3905382+00:00","Properties":[]},{"TestCase":{"Id":"36a6490f-d3f5-bb35-2b30-d43f073c6f8e","FullyQualifiedName":"CalculatorAPP.Test.NamesTest.MakeFullName_GivenFirstNameAndLastName_returnFullName","DisplayName":"CalculatorAPP.Test.NamesTest.MakeFullName_GivenFirstNameAndLastName_returnFullName","ExecutorUri":"executor://xunit/VsTestRunner2/netcoreapp","Source":"C:\\git-dani\\udemy-xunit\\xunit\\Calculations\\CalculatorAPP.Test\\bin\\Debug\\net5.0\\fine-code-coverage\\build-output\\CalculatorAPP.Test.dll","CodeFilePath":null,"LineNumber":0,"Properties":[]},"Attachments":[],"Outcome":1,"ErrorMessage":null,"ErrorStackTrace":null,"DisplayName":"CalculatorAPP.Test.NamesTest.MakeFullName_GivenFirstNameAndLastName_returnFullName","Messages":[],"ComputerName":"NT-14169","Duration":"00:00:00.0028075","StartTime":"2022-04-12T22:48:54.3913277+00:00","EndTime":"2022-04-12T22:48:54.3913281+00:00","Properties":[]},{"TestCase":{"Id":"312ce16e-0747-75d1-0580-2302c9b0feb1","FullyQualifiedName":"CalculatorAPP.Test.NamesTest.NickName_MustBeNull","DisplayName":"CalculatorAPP.Test.NamesTest.NickName_MustBeNull","ExecutorUri":"executor://xunit/VsTestRunner2/netcoreapp","Source":"C:\\git-dani\\udemy-xunit\\xunit\\Calculations\\CalculatorAPP.Test\\bin\\Debug\\net5.0\\fine-code-coverage\\build-output\\CalculatorAPP.Test.dll","CodeFilePath":null,"LineNumber":0,"Properties":[]},"Attachments":[],"Outcome":1,"ErrorMessage":null,"ErrorStackTrace":null,"DisplayName":"CalculatorAPP.Test.NamesTest.NickName_MustBeNull","Messages":[],"ComputerName":"NT-14169","Duration":"00:00:00.0002138","StartTime":"2022-04-12T22:48:54.3954339+00:00","EndTime":"2022-04-12T22:48:54.3954352+00:00","Properties":[]},{"TestCase":{"Id":"fbb5948d-2af4-1380-c17d-db34f8a5a634","FullyQualifiedName":"CalculatorAPP.Test.NamesTest.MakeFullName_AlwaysReturnValue","DisplayName":"CalculatorAPP.Test.NamesTest.MakeFullName_AlwaysReturnValue","ExecutorUri":"executor://xunit/VsTestRunner2/netcoreapp","Source":"C:\\git-dani\\udemy-xunit\\xunit\\Calculations\\CalculatorAPP.Test\\bin\\Debug\\net5.0\\fine-code-coverage\\build-output\\CalculatorAPP.Test.dll","CodeFilePath":null,"LineNumber":0,"Properties":[]},"Attachments":[],"Outcome":1,"ErrorMessage":null,"ErrorStackTrace":null,"DisplayName":"CalculatorAPP.Test.NamesTest.MakeFullName_AlwaysReturnValue","Messages":[],"ComputerName":"NT-14169","Duration":"00:00:00.0001576","StartTime":"2022-04-12T22:48:54.3973462+00:00","EndTime":"2022-04-12T22:48:54.3973478+00:00","Properties":[]}],"TestRunStatistics":{"ExecutedTests":6,"Stats":{"Passed":6}},"ActiveTests":[{"Id":"8eff4840-ecdb-4fae-8985-2cea6dad6caf","FullyQualifiedName":"CalculatorAPP.Test.FibonacciTest.CheckCollection","DisplayName":"CalculatorAPP.Test.FibonacciTest.CheckCollection","ExecutorUri":"executor://xunit/VsTestRunner2/netcoreapp","Source":"C:\\git-dani\\udemy-xunit\\xunit\\Calculations\\CalculatorAPP.Test\\bin\\Debug\\net5.0\\fine-code-coverage\\build-output\\CalculatorAPP.Test.dll","CodeFilePath":null,"LineNumber":0,"Properties":[]},{"Id":"53ab131c-fcbb-c695-7bab-b878cb272517","FullyQualifiedName":"CalculatorAPP.Test.CalculatorTest.Add_GivenTwoDoubleValues_ReturnsSUM","DisplayName":"CalculatorAPP.Test.CalculatorTest.Add_GivenTwoDoubleValues_ReturnsSUM","ExecutorUri":"executor://xunit/VsTestRunner2/netcoreapp","Source":"C:\\git-dani\\udemy-xunit\\xunit\\Calculations\\CalculatorAPP.Test\\bin\\Debug\\net5.0\\fine-code-coverage\\build-output\\CalculatorAPP.Test.dll","CodeFilePath":null,"LineNumber":0,"Properties":[]},{"Id":"f5c2e0e9-9212-9ea7-d452-97078a239e91","FullyQualifiedName":"CalculatorAPP.Test.CustomerTest.CheckLegiForDiscount","DisplayName":"CalculatorAPP.Test.CustomerTest.CheckLegiForDiscount","ExecutorUri":"executor://xunit/VsTestRunner2/netcoreapp","Source":"C:\\git-dani\\udemy-xunit\\xunit\\Calculations\\CalculatorAPP.Test\\bin\\Debug\\net5.0\\fine-code-coverage\\build-output\\CalculatorAPP.Test.dll","CodeFilePath":null,"LineNumber":0,"Properties":[]},{"Id":"6aabf3c4-0e72-05a6-6e09-474be4a04d96","FullyQualifiedName":"CalculatorAPP.Test.NamesTest.MakeFullNameWithSeparator_GivenFirstNameAndLastName_returnFullName","DisplayName":"CalculatorAPP.Test.NamesTest.MakeFullNameWithSeparator_GivenFirstNameAndLastName_returnFullName","ExecutorUri":"executor://xunit/VsTestRunner2/netcoreapp","Source":"C:\\git-dani\\udemy-xunit\\xunit\\Calculations\\CalculatorAPP.Test\\bin\\Debug\\net5.0\\fine-code-coverage\\build-output\\CalculatorAPP.Test.dll","CodeFilePath":null,"LineNumber":0,"Properties":[]}]}}
TpTrace Verbose: 0 : 7788, 14, 2022/04/12, 19:48:54.439, 1009049851984, vstest.console.dll, TestRunRequest:SendTestRunStatsChange: Starting.
TpTrace Verbose: 0 : 7788, 14, 2022/04/12, 19:48:54.439, 1009049853388, vstest.console.dll, InProgress is CalculatorAPP.Test.FibonacciTest.CheckCollection
TpTrace Verbose: 0 : 7788, 14, 2022/04/12, 19:48:54.439, 1009049853609, vstest.console.dll, InProgress is CalculatorAPP.Test.CalculatorTest.Add_GivenTwoDoubleValues_ReturnsSUM
TpTrace Verbose: 0 : 7788, 14, 2022/04/12, 19:48:54.439, 1009049853795, vstest.console.dll, InProgress is CalculatorAPP.Test.CustomerTest.CheckLegiForDiscount
TpTrace Verbose: 0 : 7788, 14, 2022/04/12, 19:48:54.439, 1009049853947, vstest.console.dll, InProgress is CalculatorAPP.Test.NamesTest.MakeFullNameWithSeparator_GivenFirstNameAndLastName_returnFullName
TpTrace Information: 0 : 7788, 14, 2022/04/12, 19:48:54.439, 1009049855318, vstest.console.dll, TestRunRequest:SendTestRunStatsChange: Completed.
TpTrace Verbose: 0 : 7788, 14, 2022/04/12, 19:48:54.439, 1009049855629, vstest.console.dll, TcpClientExtensions.MessageLoopAsync: Polling on remoteEndPoint: 127.0.0.1:53777 localEndPoint: 127.0.0.1:53776
TpTrace Verbose: 0 : 7788, 14, 2022/04/12, 19:48:54.439, 1009049855981, vstest.console.dll, TcpClientExtensions.MessageLoopAsync: NotifyDataAvailable remoteEndPoint: 127.0.0.1:53777 localEndPoint: 127.0.0.1:53776
TpTrace Verbose: 0 : 7788, 14, 2022/04/12, 19:48:54.439, 1009049856429, vstest.console.dll, TestRequestSender.OnExecutionMessageReceived: Received message: {"Version":5,"MessageType":"TestSession.Message","Payload":{"MessageLevel":0,"Message":"[xUnit.net 00:00:00.52]   Finished:    CalculatorAPP.Test"}}
TpTrace Verbose: 0 : 7788, 14, 2022/04/12, 19:48:54.439, 1009049857342, vstest.console.dll, TestRunRequest:SendTestRunMessage: Starting.
TpTrace Information: 0 : 7788, 14, 2022/04/12, 19:48:54.439, 1009049857619, vstest.console.dll, TestRunRequest:SendTestRunMessage: Completed.
TpTrace Verbose: 0 : 7788, 14, 2022/04/12, 19:48:54.439, 1009049857797, vstest.console.dll, TcpClientExtensions.MessageLoopAsync: Polling on remoteEndPoint: 127.0.0.1:53777 localEndPoint: 127.0.0.1:53776
TpTrace Verbose: 0 : 7788, 14, 2022/04/12, 19:48:54.445, 1009049912106, vstest.console.dll, TcpClientExtensions.MessageLoopAsync: NotifyDataAvailable remoteEndPoint: 127.0.0.1:53777 localEndPoint: 127.0.0.1:53776
TpTrace Verbose: 0 : 7788, 14, 2022/04/12, 19:48:54.445, 1009049914958, vstest.console.dll, TestRequestSender.OnExecutionMessageReceived: Received message: {"Version":5,"MessageType":"TestExecution.Completed","Payload":{"TestRunCompleteArgs":{"TestRunStatistics":{"ExecutedTests":13,"Stats":{"Passed":13}},"IsCanceled":false,"IsAborted":false,"Error":null,"AttachmentSets":[],"ElapsedTimeInRunningTests":"00:00:00.5305111","Metrics":{}},"LastRunTests":{"NewTestResults":[{"TestCase":{"Id":"f5c2e0e9-9212-9ea7-d452-97078a239e91","FullyQualifiedName":"CalculatorAPP.Test.CustomerTest.CheckLegiForDiscount","DisplayName":"CalculatorAPP.Test.CustomerTest.CheckLegiForDiscount","ExecutorUri":"executor://xunit/VsTestRunner2/netcoreapp","Source":"C:\\git-dani\\udemy-xunit\\xunit\\Calculations\\CalculatorAPP.Test\\bin\\Debug\\net5.0\\fine-code-coverage\\build-output\\CalculatorAPP.Test.dll","CodeFilePath":null,"LineNumber":0,"Properties":[]},"Attachments":[],"Outcome":1,"ErrorMessage":null,"ErrorStackTrace":null,"DisplayName":"CalculatorAPP.Test.CustomerTest.CheckLegiForDiscount","Messages":[],"ComputerName":"NT-14169","Duration":"00:00:00.0007730","StartTime":"2022-04-12T22:48:54.4207363+00:00","EndTime":"2022-04-12T22:48:54.4207378+00:00","Properties":[]},{"TestCase":{"Id":"53ab131c-fcbb-c695-7bab-b878cb272517","FullyQualifiedName":"CalculatorAPP.Test.CalculatorTest.Add_GivenTwoDoubleValues_ReturnsSUM","DisplayName":"CalculatorAPP.Test.CalculatorTest.Add_GivenTwoDoubleValues_ReturnsSUM","ExecutorUri":"executor://xunit/VsTestRunner2/netcoreapp","Source":"C:\\git-dani\\udemy-xunit\\xunit\\Calculations\\CalculatorAPP.Test\\bin\\Debug\\net5.0\\fine-code-coverage\\build-output\\CalculatorAPP.Test.dll","CodeFilePath":null,"LineNumber":0,"Properties":[]},"Attachments":[],"Outcome":1,"ErrorMessage":null,"ErrorStackTrace":null,"DisplayName":"CalculatorAPP.Test.CalculatorTest.Add_GivenTwoDoubleValues_ReturnsSUM","Messages":[],"ComputerName":"NT-14169","Duration":"00:00:00.0016042","StartTime":"2022-04-12T22:48:54.4218324+00:00","EndTime":"2022-04-12T22:48:54.421833+00:00","Properties":[]},{"TestCase":{"Id":"8eff4840-ecdb-4fae-8985-2cea6dad6caf","FullyQualifiedName":"CalculatorAPP.Test.FibonacciTest.CheckCollection","DisplayName":"CalculatorAPP.Test.FibonacciTest.CheckCollection","ExecutorUri":"executor://xunit/VsTestRunner2/netcoreapp","Source":"C:\\git-dani\\udemy-xunit\\xunit\\Calculations\\CalculatorAPP.Test\\bin\\Debug\\net5.0\\fine-code-coverage\\build-output\\CalculatorAPP.Test.dll","CodeFilePath":null,"LineNumber":0,"Properties":[]},"Attachments":[],"Outcome":1,"ErrorMessage":null,"ErrorStackTrace":null,"DisplayName":"CalculatorAPP.Test.FibonacciTest.CheckCollection","Messages":[],"ComputerName":"NT-14169","Duration":"00:00:00.0073544","StartTime":"2022-04-12T22:48:54.4227157+00:00","EndTime":"2022-04-12T22:48:54.4227161+00:00","Properties":[]},{"TestCase":{"Id":"6aabf3c4-0e72-05a6-6e09-474be4a04d96","FullyQualifiedName":"CalculatorAPP.Test.NamesTest.MakeFullNameWithSeparator_GivenFirstNameAndLastName_returnFullName","DisplayName":"CalculatorAPP.Test.NamesTest.MakeFullNameWithSeparator_GivenFirstNameAndLastName_returnFullName","ExecutorUri":"executor://xunit/VsTestRunner2/netcoreapp","Source":"C:\\git-dani\\udemy-xunit\\xunit\\Calculations\\CalculatorAPP.Test\\bin\\Debug\\net5.0\\fine-code-coverage\\build-output\\CalculatorAPP.Test.dll","CodeFilePath":null,"LineNumber":0,"Properties":[]},"Attachments":[],"Outcome":1,"ErrorMessage":null,"ErrorStackTrace":null,"DisplayName":"CalculatorAPP.Test.NamesTest.MakeFullNameWithSeparator_GivenFirstNameAndLastName_returnFullName","Messages":[],"ComputerName":"NT-14169","Duration":"00:00:00.0075212","StartTime":"2022-04-12T22:48:54.424208+00:00","EndTime":"2022-04-12T22:48:54.4242091+00:00","Properties":[]},{"TestCase":{"Id":"71f195ee-98cc-db6a-8ba2-5d898f029afb","FullyQualifiedName":"CalculatorAPP.Test.NamesTest.MakeFullNameWithRegularExpression_GivenFirstNameAndLastName_returnFullName","DisplayName":"CalculatorAPP.Test.NamesTest.MakeFullNameWithRegularExpression_GivenFirstNameAndLastName_returnFullName","ExecutorUri":"executor://xunit/VsTestRunner2/netcoreapp","Source":"C:\\git-dani\\udemy-xunit\\xunit\\Calculations\\CalculatorAPP.Test\\bin\\Debug\\net5.0\\fine-code-coverage\\build-output\\CalculatorAPP.Test.dll","CodeFilePath":null,"LineNumber":0,"Properties":[]},"Attachments":[],"Outcome":1,"ErrorMessage":null,"ErrorStackTrace":null,"DisplayName":"CalculatorAPP.Test.NamesTest.MakeFullNameWithRegularExpression_GivenFirstNameAndLastName_returnFullName","Messages":[],"ComputerName":"NT-14169","Duration":"00:00:00.0001979","StartTime":"2022-04-12T22:48:54.425599+00:00","EndTime":"2022-04-12T22:48:54.4255999+00:00","Properties":[]},{"TestCase":{"Id":"5c627b7a-4b2d-ce80-05a1-ed631aba1163","FullyQualifiedName":"CalculatorAPP.Test.FibonacciTest.FiboDoesNotIncludes13","DisplayName":"CalculatorAPP.Test.FibonacciTest.FiboDoesNotIncludes13","ExecutorUri":"executor://xunit/VsTestRunner2/netcoreapp","Source":"C:\\git-dani\\udemy-xunit\\xunit\\Calculations\\CalculatorAPP.Test\\bin\\Debug\\net5.0\\fine-code-coverage\\build-output\\CalculatorAPP.Test.dll","CodeFilePath":null,"LineNumber":0,"Properties":[]},"Attachments":[],"Outcome":1,"ErrorMessage":null,"ErrorStackTrace":null,"DisplayName":"CalculatorAPP.Test.FibonacciTest.FiboDoesNotIncludes13","Messages":[],"ComputerName":"NT-14169","Duration":"00:00:00.0009137","StartTime":"2022-04-12T22:48:54.4262954+00:00","EndTime":"2022-04-12T22:48:54.4262957+00:00","Properties":[]},{"TestCase":{"Id":"605ea073-d631-7a28-dbb6-3fd4500d76ed","FullyQualifiedName":"CalculatorAPP.Test.FibonacciTest.FiboDoesNotIncludeZero","DisplayName":"CalculatorAPP.Test.FibonacciTest.FiboDoesNotIncludeZero","ExecutorUri":"executor://xunit/VsTestRunner2/netcoreapp","Source":"C:\\git-dani\\udemy-xunit\\xunit\\Calculations\\CalculatorAPP.Test\\bin\\Debug\\net5.0\\fine-code-coverage\\build-output\\CalculatorAPP.Test.dll","CodeFilePath":null,"LineNumber":0,"Properties":[]},"Attachments":[],"Outcome":1,"ErrorMessage":null,"ErrorStackTrace":null,"DisplayName":"CalculatorAPP.Test.FibonacciTest.FiboDoesNotIncludeZero","Messages":[],"ComputerName":"NT-14169","Duration":"00:00:00.0011984","StartTime":"2022-04-12T22:48:54.4275176+00:00","EndTime":"2022-04-12T22:48:54.4275185+00:00","Properties":[]}],"TestRunStatistics":{"ExecutedTests":13,"Stats":{"Passed":13}},"ActiveTests":[]},"RunAttachments":[],"ExecutorUris":["executor://xunit/VsTestRunner2/netcoreapp"]}}
TpTrace Verbose: 0 : 7788, 14, 2022/04/12, 19:48:54.445, 1009049918581, vstest.console.dll, TestRequestSender.EndSession: Sending end session.
TpTrace Verbose: 0 : 7788, 14, 2022/04/12, 19:48:54.446, 1009049920437, vstest.console.dll, ProxyOperationManager.Close: waiting for test host to exit for 100 ms
TpTrace Warning: 0 : 7788, 13, 2022/04/12, 19:48:54.459, 1009050052222, vstest.console.dll, TestHostManagerCallbacks.ErrorReceivedCallback Test host standard error line: 
TpTrace Verbose: 0 : 7788, 8, 2022/04/12, 19:48:54.469, 1009050157841, vstest.console.dll, TestHostProvider.ExitCallBack: Host exited starting callback.
TpTrace Information: 0 : 7788, 8, 2022/04/12, 19:48:54.470, 1009050162621, vstest.console.dll, TestHostManagerCallbacks.ExitCallBack: Testhost processId: 2200 exited with exitcode: 0 error: ''
TpTrace Verbose: 0 : 7788, 8, 2022/04/12, 19:48:54.470, 1009050163210, vstest.console.dll, DotnetTestHostManager.OnHostExited: invoking OnHostExited callback
TpTrace Verbose: 0 : 7788, 8, 2022/04/12, 19:48:54.470, 1009050163668, vstest.console.dll, CrossPlatEngine.TestHostManagerHostExited: calling on client process exit callback.
TpTrace Information: 0 : 7788, 8, 2022/04/12, 19:48:54.470, 1009050164073, vstest.console.dll, TestRequestSender.OnClientProcessExit: Test host process exited. Standard error: 
TpTrace Information: 0 : 7788, 8, 2022/04/12, 19:48:54.470, 1009050164390, vstest.console.dll, SocketServer.Stop: Stop server endPoint: 127.0.0.1:53776
TpTrace Information: 0 : 7788, 8, 2022/04/12, 19:48:54.470, 1009050164577, vstest.console.dll, SocketServer.Stop: Cancellation requested. Stopping message loop.
TpTrace Warning: 0 : 7788, 14, 2022/04/12, 19:48:54.470, 1009050164529, vstest.console.dll, ProxyOperationManager: Timed out waiting for test host to exit. Will terminate process.
TpTrace Verbose: 0 : 7788, 14, 2022/04/12, 19:48:54.470, 1009050168561, vstest.console.dll, ProxyDataCollectionManager.InvokeDataCollectionServiceAction: Starting.
TpTrace Information: 0 : 7788, 14, 2022/04/12, 19:48:54.470, 1009050168983, vstest.console.dll, ProxyDataCollectionManager.AfterTestRunEnd: Get attachment set for datacollector processId: 7144 port: 53773
TpTrace Verbose: 0 : 7788, 14, 2022/04/12, 19:48:54.470, 1009050169344, vstest.console.dll, DataCollectionRequestSender.SendAfterTestRunStartAndGetResult : Send AfterTestRunEnd message with isCancelled: False
TpTrace Verbose: 0 : 7788, 14, 2022/04/12, 19:48:54.475, 1009050218890, vstest.console.dll, DataCollectionRequestSender.SendAfterTestRunStartAndGetResult : Received message: (DataCollection.AfterTestRunEndResult) -> {
  "AttachmentSets": [],
  "Metrics": {}
}
TpTrace Information: 0 : 7788, 14, 2022/04/12, 19:48:54.478, 1009050245238, vstest.console.dll, ProxyDataCollectionManager.InvokeDataCollectionServiceAction: Completed.
TpTrace Warning: 0 : 7788, 10, 2022/04/12, 19:48:54.483, 1009050297025, vstest.console.dll, DataCollectionLauncher.ErrorReceivedCallback datacollector standard error line: 
TpTrace Information: 0 : 7788, 8, 2022/04/12, 19:48:54.488, 1009050345314, vstest.console.dll, DataCollectionLauncher.ExitCallBack: Data collector exited with exitcode: 0 error: ''
TpTrace Verbose: 0 : 7788, 14, 2022/04/12, 19:48:54.498, 1009050441562, vstest.console.dll, TestRunRequest:SendTestRunStatsChange: Starting.
TpTrace Information: 0 : 7788, 14, 2022/04/12, 19:48:54.498, 1009050442872, vstest.console.dll, TestRunRequest:SendTestRunStatsChange: Completed.
TpTrace Verbose: 0 : 7788, 14, 2022/04/12, 19:48:54.498, 1009050444422, vstest.console.dll, ParallelProxyExecutionManager: HandlePartialRunComplete: Total completed clients = 1, Run complete = True, Run canceled: False.
TpTrace Verbose: 0 : 7788, 14, 2022/04/12, 19:48:54.517, 1009050636278, vstest.console.dll, TestRunRequest:TestRunComplete: Starting. IsAborted:False IsCanceled:False.
TpTrace Verbose: 0 : 7788, 14, 2022/04/12, 19:48:54.517, 1009050638485, vstest.console.dll, TestLoggerManager.HandleTestRunComplete: Ignoring as the object is disposed.
TpTrace Information: 0 : 7788, 14, 2022/04/12, 19:48:54.519, 1009050650352, vstest.console.dll, TestRunRequest:TestRunComplete: Completed.
TpTrace Verbose: 0 : 7788, 1, 2022/04/12, 19:48:54.519, 1009050650202, vstest.console.dll, TestRunRequest.Dispose: Starting.
TpTrace Verbose: 0 : 7788, 14, 2022/04/12, 19:48:54.519, 1009050651272, vstest.console.dll, TestRequestSender.SetOperationComplete: Setting operation complete.
TpTrace Information: 0 : 7788, 1, 2022/04/12, 19:48:54.519, 1009050652072, vstest.console.dll, TestRunRequest.Dispose: Completed.
TpTrace Information: 0 : 7788, 1, 2022/04/12, 19:48:54.519, 1009050653724, vstest.console.dll, TestRequestManager.RunTests: run tests completed.
TpTrace Information: 0 : 7788, 14, 2022/04/12, 19:48:54.519, 1009050653018, vstest.console.dll, SocketServer.Stop: Stop server endPoint: 127.0.0.1:53776
TpTrace Information: 0 : 7788, 14, 2022/04/12, 19:48:54.519, 1009050654481, vstest.console.dll, SocketServer.Stop: Cancellation requested. Stopping message loop.
TpTrace Information: 0 : 7788, 1, 2022/04/12, 19:48:54.519, 1009050654757, vstest.console.dll, RunTestsArgumentProcessor:Execute: Test run is completed.
TpTrace Information: 0 : 7788, 14, 2022/04/12, 19:48:54.519, 1009050654910, vstest.console.dll, SocketServer.PrivateStop: Stopping server endPoint: 127.0.0.1:53776 error: 
TpTrace Verbose: 0 : 7788, 1, 2022/04/12, 19:48:54.519, 1009050657030, vstest.console.dll, Executor.Execute: Exiting with exit code of 0
TpTrace Verbose: 0 : 7788, 14, 2022/04/12, 19:48:54.519, 1009050659087, vstest.console.dll, LengthPrefixCommunicationChannel.Dispose: Dispose reader and writer.
TpTrace Information: 0 : 7788, 14, 2022/04/12, 19:48:54.520, 1009050659727, vstest.console.dll, SocketServer.Stop: Raise disconnected event endPoint: 127.0.0.1:53776 error: 
TpTrace Verbose: 0 : 7788, 14, 2022/04/12, 19:48:54.520, 1009050660182, vstest.console.dll, TestRequestSender: OnTestRunAbort: Operation is already complete. Skip error message.
TpTrace Verbose: 0 : 7788, 14, 2022/04/12, 19:48:54.520, 1009050660428, vstest.console.dll, TcpClientExtensions.MessageLoopAsync: exiting MessageLoopAsync remoteEndPoint: 127.0.0.1:53777 localEndPoint: 127.0.0.1:53776
